TN:
SF:src/index.js
FNF:0
FNH:0
DA:10,0
DA:12,0
LF:2
LH:0
BRF:0
BRH:0
end_of_record
TN:
SF:src/actions/agentActions.js
FN:6,(anonymous_0)
FN:7,(anonymous_1)
FN:8,(anonymous_2)
FN:9,(anonymous_3)
FN:11,(anonymous_4)
FN:11,(anonymous_5)
FN:13,(anonymous_6)
FN:18,(anonymous_7)
FN:21,(anonymous_8)
FN:21,(anonymous_9)
FNF:10
FNH:10
FNDA:2,(anonymous_0)
FNDA:2,(anonymous_1)
FNDA:2,(anonymous_2)
FNDA:1,(anonymous_3)
FNDA:8,(anonymous_4)
FNDA:8,(anonymous_5)
FNDA:2,(anonymous_6)
FNDA:1,(anonymous_7)
FNDA:1,(anonymous_8)
FNDA:1,(anonymous_9)
DA:6,5
DA:7,5
DA:8,5
DA:9,5
DA:11,8
DA:12,8
DA:14,2
DA:18,1
DA:21,5
LF:9
LH:9
BRDA:14,0,0,1
BRDA:14,0,1,1
BRF:2
BRH:2
end_of_record
TN:
SF:src/actions/blotterActions.js
FN:4,(anonymous_0)
FN:5,(anonymous_1)
FN:6,(anonymous_2)
FN:7,(anonymous_3)
FN:7,(anonymous_4)
FN:9,(anonymous_5)
FN:12,(anonymous_6)
FN:15,(anonymous_7)
FN:15,(anonymous_8)
FNF:9
FNH:6
FNDA:2,(anonymous_0)
FNDA:2,(anonymous_1)
FNDA:0,(anonymous_2)
FNDA:2,(anonymous_3)
FNDA:2,(anonymous_4)
FNDA:1,(anonymous_5)
FNDA:1,(anonymous_6)
FNDA:0,(anonymous_7)
FNDA:0,(anonymous_8)
DA:4,2
DA:5,2
DA:6,2
DA:7,2
DA:8,2
DA:10,1
DA:12,1
DA:15,2
LF:8
LH:8
BRF:0
BRH:0
end_of_record
TN:
SF:src/actions/brokerActions.js
FN:6,(anonymous_0)
FN:7,(anonymous_1)
FN:8,(anonymous_2)
FN:9,(anonymous_3)
FN:10,(anonymous_4)
FN:11,(anonymous_5)
FN:12,(anonymous_6)
FN:13,(anonymous_7)
FN:15,(anonymous_8)
FN:15,(anonymous_9)
FN:17,(anonymous_10)
FN:22,(anonymous_11)
FN:25,(anonymous_12)
FN:25,(anonymous_13)
FN:27,(anonymous_14)
FN:28,(anonymous_15)
FN:31,(anonymous_16)
FN:31,(anonymous_17)
FN:33,(anonymous_18)
FN:34,(anonymous_19)
FN:37,(anonymous_20)
FN:37,(anonymous_21)
FN:39,(anonymous_22)
FN:44,(anonymous_23)
FN:47,(anonymous_24)
FN:47,(anonymous_25)
FNF:26
FNH:25
FNDA:9,(anonymous_0)
FNDA:9,(anonymous_1)
FNDA:2,(anonymous_2)
FNDA:9,(anonymous_3)
FNDA:2,(anonymous_4)
FNDA:9,(anonymous_5)
FNDA:2,(anonymous_6)
FNDA:1,(anonymous_7)
FNDA:9,(anonymous_8)
FNDA:8,(anonymous_9)
FNDA:2,(anonymous_10)
FNDA:1,(anonymous_11)
FNDA:3,(anonymous_12)
FNDA:2,(anonymous_13)
FNDA:1,(anonymous_14)
FNDA:1,(anonymous_15)
FNDA:2,(anonymous_16)
FNDA:2,(anonymous_17)
FNDA:1,(anonymous_18)
FNDA:1,(anonymous_19)
FNDA:7,(anonymous_20)
FNDA:7,(anonymous_21)
FNDA:0,(anonymous_22)
FNDA:7,(anonymous_23)
FNDA:1,(anonymous_24)
FNDA:1,(anonymous_25)
DA:6,9
DA:7,9
DA:8,8
DA:9,9
DA:10,8
DA:11,9
DA:12,8
DA:13,8
DA:15,9
DA:16,8
DA:18,2
DA:22,1
DA:25,8
DA:26,2
DA:27,1
DA:28,1
DA:31,8
DA:32,2
DA:33,1
DA:34,1
DA:37,8
DA:38,7
DA:40,0
DA:44,7
DA:47,8
LF:25
LH:24
BRDA:18,0,0,1
BRDA:18,0,1,1
BRDA:40,1,0,0
BRDA:40,1,1,0
BRF:4
BRH:2
end_of_record
TN:
SF:src/actions/brokerageStrategyActions.js
FN:6,(anonymous_0)
FN:7,(anonymous_1)
FN:8,(anonymous_2)
FN:10,(anonymous_3)
FN:10,(anonymous_4)
FN:12,(anonymous_5)
FN:18,(anonymous_6)
FNF:7
FNH:7
FNDA:2,(anonymous_0)
FNDA:2,(anonymous_1)
FNDA:1,(anonymous_2)
FNDA:5,(anonymous_3)
FNDA:5,(anonymous_4)
FNDA:2,(anonymous_5)
FNDA:1,(anonymous_6)
DA:6,3
DA:7,3
DA:8,3
DA:10,5
DA:11,5
DA:12,2
DA:18,1
LF:7
LH:7
BRDA:12,0,0,1
BRDA:12,0,1,1
BRDA:13,1,0,2
BRDA:13,1,1,1
BRF:4
BRH:4
end_of_record
TN:
SF:src/actions/clientActions.js
FN:6,(anonymous_0)
FN:11,(anonymous_1)
FN:16,(anonymous_2)
FN:18,(anonymous_3)
FN:20,(anonymous_4)
FN:20,(anonymous_5)
FN:22,(anonymous_6)
FN:27,(anonymous_7)
FN:32,(anonymous_8)
FN:32,(anonymous_9)
FNF:10
FNH:10
FNDA:2,(anonymous_0)
FNDA:2,(anonymous_1)
FNDA:2,(anonymous_2)
FNDA:1,(anonymous_3)
FNDA:8,(anonymous_4)
FNDA:8,(anonymous_5)
FNDA:2,(anonymous_6)
FNDA:1,(anonymous_7)
FNDA:1,(anonymous_8)
FNDA:1,(anonymous_9)
DA:6,5
DA:11,5
DA:16,5
DA:18,5
DA:20,8
DA:21,8
DA:23,2
DA:28,1
DA:32,5
LF:9
LH:9
BRDA:23,0,0,1
BRDA:23,0,1,1
BRF:2
BRH:2
end_of_record
TN:
SF:src/actions/currencyActions.js
FN:6,(anonymous_0)
FN:7,(anonymous_1)
FN:8,(anonymous_2)
FN:9,(anonymous_3)
FN:10,(anonymous_4)
FN:11,(anonymous_5)
FN:13,(anonymous_6)
FN:13,(anonymous_7)
FN:15,(anonymous_8)
FN:20,(anonymous_9)
FN:23,(anonymous_10)
FN:23,(anonymous_11)
FN:25,(anonymous_12)
FN:28,(anonymous_13)
FN:31,(anonymous_14)
FN:31,(anonymous_15)
FN:33,(anonymous_16)
FN:34,(anonymous_17)
FN:37,(anonymous_18)
FN:37,(anonymous_19)
FNF:20
FNH:19
FNDA:2,(anonymous_0)
FNDA:16,(anonymous_1)
FNDA:2,(anonymous_2)
FNDA:1,(anonymous_3)
FNDA:1,(anonymous_4)
FNDA:2,(anonymous_5)
FNDA:16,(anonymous_6)
FNDA:16,(anonymous_7)
FNDA:2,(anonymous_8)
FNDA:8,(anonymous_9)
FNDA:7,(anonymous_10)
FNDA:7,(anonymous_11)
FNDA:0,(anonymous_12)
FNDA:7,(anonymous_13)
FNDA:2,(anonymous_14)
FNDA:2,(anonymous_15)
FNDA:1,(anonymous_16)
FNDA:1,(anonymous_17)
FNDA:2,(anonymous_18)
FNDA:2,(anonymous_19)
DA:6,11
DA:7,16
DA:8,11
DA:9,11
DA:10,11
DA:11,11
DA:13,16
DA:14,16
DA:16,2
DA:20,8
DA:23,11
DA:24,7
DA:26,0
DA:28,7
DA:31,11
DA:32,2
DA:33,1
DA:34,1
DA:37,11
LF:19
LH:18
BRDA:16,0,0,1
BRDA:16,0,1,1
BRDA:23,1,0,7
BRF:3
BRH:3
end_of_record
TN:
SF:src/actions/dateActions.js
FN:6,(anonymous_0)
FN:7,(anonymous_1)
FN:8,(anonymous_2)
FN:9,(anonymous_3)
FN:10,(anonymous_4)
FN:12,getNdfOutrightDatesByTerm
FN:13,(anonymous_6)
FN:16,(anonymous_7)
FN:22,(anonymous_8)
FN:26,getNdfOutrightDatesByValueDate
FN:27,(anonymous_10)
FN:30,(anonymous_11)
FN:36,(anonymous_12)
FN:40,getNdfSpreadDatesByTerm
FN:41,(anonymous_14)
FN:44,(anonymous_15)
FN:50,(anonymous_16)
FN:54,getNdfSpreadDatesByValueDate
FN:55,(anonymous_18)
FN:58,(anonymous_19)
FN:64,(anonymous_20)
FN:68,getFwdDatesByTerm
FN:69,(anonymous_22)
FN:73,(anonymous_23)
FN:79,(anonymous_24)
FN:83,getFwdTermsByValueDate
FN:84,(anonymous_26)
FN:88,(anonymous_27)
FN:94,(anonymous_28)
FN:98,getFwdOutrightDatesByTerm
FN:99,(anonymous_30)
FN:102,(anonymous_31)
FN:108,(anonymous_32)
FN:112,getFwdOutrightTermByValueDate
FN:113,(anonymous_34)
FN:116,(anonymous_35)
FN:122,(anonymous_36)
FN:126,getSptValueDate
FN:127,(anonymous_38)
FN:130,(anonymous_39)
FN:135,(anonymous_40)
FN:139,getSptDayCounts
FN:140,(anonymous_42)
FN:143,(anonymous_43)
FN:148,(anonymous_44)
FN:152,resetDates
FN:153,(anonymous_46)
FNF:47
FNH:47
FNDA:47,(anonymous_0)
FNDA:21,(anonymous_1)
FNDA:11,(anonymous_2)
FNDA:17,(anonymous_3)
FNDA:2,(anonymous_4)
FNDA:5,getNdfOutrightDatesByTerm
FNDA:5,(anonymous_6)
FNDA:4,(anonymous_7)
FNDA:1,(anonymous_8)
FNDA:3,getNdfOutrightDatesByValueDate
FNDA:3,(anonymous_10)
FNDA:2,(anonymous_11)
FNDA:1,(anonymous_12)
FNDA:5,getNdfSpreadDatesByTerm
FNDA:5,(anonymous_14)
FNDA:4,(anonymous_15)
FNDA:1,(anonymous_16)
FNDA:5,getNdfSpreadDatesByValueDate
FNDA:5,(anonymous_18)
FNDA:4,(anonymous_19)
FNDA:1,(anonymous_20)
FNDA:5,getFwdDatesByTerm
FNDA:5,(anonymous_22)
FNDA:4,(anonymous_23)
FNDA:1,(anonymous_24)
FNDA:5,getFwdTermsByValueDate
FNDA:5,(anonymous_26)
FNDA:4,(anonymous_27)
FNDA:1,(anonymous_28)
FNDA:6,getFwdOutrightDatesByTerm
FNDA:6,(anonymous_30)
FNDA:5,(anonymous_31)
FNDA:1,(anonymous_32)
FNDA:5,getFwdOutrightTermByValueDate
FNDA:5,(anonymous_34)
FNDA:4,(anonymous_35)
FNDA:1,(anonymous_36)
FNDA:4,getSptValueDate
FNDA:4,(anonymous_38)
FNDA:3,(anonymous_39)
FNDA:1,(anonymous_40)
FNDA:4,getSptDayCounts
FNDA:4,(anonymous_42)
FNDA:3,(anonymous_43)
FNDA:1,(anonymous_44)
FNDA:1,resetDates
FNDA:1,(anonymous_46)
DA:6,47
DA:7,21
DA:8,11
DA:9,17
DA:10,4
DA:13,5
DA:14,5
DA:15,5
DA:17,4
DA:22,1
DA:27,3
DA:28,3
DA:29,3
DA:31,2
DA:36,1
DA:41,5
DA:42,5
DA:43,5
DA:45,4
DA:50,1
DA:55,5
DA:56,5
DA:57,5
DA:59,4
DA:64,1
DA:69,5
DA:70,5
DA:71,5
DA:72,5
DA:74,4
DA:79,1
DA:84,5
DA:85,5
DA:86,5
DA:87,5
DA:89,4
DA:94,1
DA:99,6
DA:100,6
DA:101,6
DA:103,5
DA:108,1
DA:113,5
DA:114,5
DA:115,5
DA:117,4
DA:122,1
DA:127,4
DA:128,4
DA:129,4
DA:131,3
DA:135,1
DA:140,4
DA:141,4
DA:142,4
DA:144,3
DA:148,1
DA:153,1
LF:58
LH:58
BRDA:17,0,0,2
BRDA:17,0,1,2
BRDA:17,1,0,4
BRDA:17,1,1,3
BRDA:31,2,0,2
BRDA:31,2,1,0
BRDA:31,3,0,2
BRDA:31,3,1,2
BRDA:45,4,0,2
BRDA:45,4,1,2
BRDA:45,5,0,4
BRDA:45,5,1,3
BRDA:59,6,0,2
BRDA:59,6,1,2
BRDA:59,7,0,4
BRDA:59,7,1,3
BRDA:74,8,0,2
BRDA:74,8,1,2
BRDA:74,9,0,4
BRDA:74,9,1,3
BRDA:89,10,0,2
BRDA:89,10,1,2
BRDA:89,11,0,4
BRDA:89,11,1,3
BRDA:103,12,0,2
BRDA:103,12,1,3
BRDA:103,13,0,5
BRDA:103,13,1,3
BRDA:117,14,0,2
BRDA:117,14,1,2
BRDA:117,15,0,4
BRDA:117,15,1,3
BRDA:131,16,0,2
BRDA:131,16,1,1
BRDA:144,17,0,2
BRDA:144,17,1,1
BRF:36
BRH:35
end_of_record
TN:
SF:src/actions/dealActions.js
FN:6,createDealSuccess
FN:10,createDealFailed
FN:14,createDeal
FN:15,(anonymous_3)
FN:16,(anonymous_4)
FN:19,(anonymous_5)
FN:25,updateOriginalDeal
FN:29,loadDealSuccess
FN:33,loadDealFailed
FN:37,loadDeal
FN:38,(anonymous_10)
FN:48,(anonymous_11)
FN:49,(anonymous_12)
FN:50,(anonymous_13)
FN:51,(anonymous_14)
FN:53,loadBlotterDeals
FN:54,(anonymous_16)
FN:82,(anonymous_17)
FN:84,(anonymous_18)
FN:85,(anonymous_19)
FN:87,approveStageBlotter
FN:88,(anonymous_21)
FN:98,(anonymous_22)
FN:99,(anonymous_23)
FN:101,enableInvestigationChkFlag
FN:102,(anonymous_25)
FN:112,editDealSuccess
FN:116,editDealFailed
FN:120,editDeal
FN:121,(anonymous_29)
FNF:30
FNH:25
FNDA:2,createDealSuccess
FNDA:2,createDealFailed
FNDA:2,createDeal
FNDA:2,(anonymous_3)
FNDA:1,(anonymous_4)
FNDA:1,(anonymous_5)
FNDA:5,updateOriginalDeal
FNDA:6,loadDealSuccess
FNDA:7,loadDealFailed
FNDA:7,loadDeal
FNDA:7,(anonymous_10)
FNDA:6,(anonymous_11)
FNDA:2,(anonymous_12)
FNDA:3,(anonymous_13)
FNDA:2,(anonymous_14)
FNDA:8,loadBlotterDeals
FNDA:5,(anonymous_16)
FNDA:2,(anonymous_17)
FNDA:0,(anonymous_18)
FNDA:0,(anonymous_19)
FNDA:0,approveStageBlotter
FNDA:0,(anonymous_21)
FNDA:2,(anonymous_22)
FNDA:2,(anonymous_23)
FNDA:2,enableInvestigationChkFlag
FNDA:2,(anonymous_25)
FNDA:0,editDealSuccess
FNDA:1,editDealFailed
FNDA:1,editDeal
FNDA:1,(anonymous_29)
DA:7,2
DA:11,2
DA:15,2
DA:17,1
DA:20,1
DA:26,5
DA:30,6
DA:34,7
DA:38,7
DA:39,7
DA:40,7
DA:41,0
DA:43,7
DA:48,6
DA:49,6
DA:50,6
DA:51,6
DA:54,8
DA:55,5
DA:56,5
DA:58,5
DA:60,4
DA:66,4
DA:68,4
DA:69,2
DA:72,2
DA:74,1
DA:82,6
DA:84,6
DA:85,6
DA:88,0
DA:89,0
DA:90,0
DA:91,0
DA:93,0
DA:98,6
DA:99,6
DA:102,2
DA:103,2
DA:104,2
DA:105,1
DA:107,1
DA:113,0
DA:117,1
DA:121,1
DA:122,1
DA:123,1
DA:124,0
DA:125,0
DA:127,1
LF:50
LH:41
BRDA:66,0,0,1
BRDA:68,1,0,2
BRDA:68,1,1,2
BRDA:68,2,0,4
BRDA:68,2,1,3
BRDA:82,3,0,1
BRF:6
BRH:6
end_of_record
TN:
SF:src/actions/deskActions.js
FN:6,loadDeskDataSuccess
FN:10,loadDeskDataCancelled
FN:14,loadDeskDataFailed
FN:18,loadDesks
FN:19,(anonymous_4)
FN:20,(anonymous_5)
FN:23,(anonymous_6)
FNF:7
FNH:7
FNDA:2,loadDeskDataSuccess
FNDA:2,loadDeskDataCancelled
FNDA:2,loadDeskDataFailed
FNDA:10,loadDesks
FNDA:5,(anonymous_4)
FNDA:2,(anonymous_5)
FNDA:1,(anonymous_6)
DA:7,2
DA:11,2
DA:15,2
DA:19,10
DA:20,2
DA:23,1
LF:6
LH:6
BRDA:20,0,0,1
BRDA:20,0,1,1
BRF:2
BRH:2
end_of_record
TN:
SF:src/actions/executionVenueActions.js
FN:6,(anonymous_0)
FN:7,(anonymous_1)
FN:8,(anonymous_2)
FN:9,(anonymous_3)
FN:11,(anonymous_4)
FN:11,(anonymous_5)
FN:13,(anonymous_6)
FN:18,(anonymous_7)
FN:21,(anonymous_8)
FN:21,(anonymous_9)
FNF:10
FNH:10
FNDA:2,(anonymous_0)
FNDA:2,(anonymous_1)
FNDA:2,(anonymous_2)
FNDA:1,(anonymous_3)
FNDA:4,(anonymous_4)
FNDA:4,(anonymous_5)
FNDA:2,(anonymous_6)
FNDA:1,(anonymous_7)
FNDA:1,(anonymous_8)
FNDA:1,(anonymous_9)
DA:6,3
DA:7,3
DA:8,3
DA:9,3
DA:11,4
DA:12,4
DA:14,2
DA:18,1
DA:21,3
LF:9
LH:9
BRDA:14,0,0,1
BRDA:14,0,1,1
BRF:2
BRH:2
end_of_record
TN:
SF:src/actions/rateActions.js
FN:6,(anonymous_0)
FN:8,getRatesSuccess
FN:12,getRatesFailed
FN:16,getRatesCancelled
FN:20,getRate
FN:23,(anonymous_5)
FN:28,(anonymous_6)
FN:42,(anonymous_7)
FN:45,(anonymous_8)
FN:49,getSpreadRate
FN:53,(anonymous_10)
FN:59,(anonymous_11)
FN:76,(anonymous_12)
FN:77,(anonymous_13)
FNF:14
FNH:14
FNDA:7,(anonymous_0)
FNDA:3,getRatesSuccess
FNDA:5,getRatesFailed
FNDA:1,getRatesCancelled
FNDA:4,getRate
FNDA:4,(anonymous_5)
FNDA:3,(anonymous_6)
FNDA:2,(anonymous_7)
FNDA:2,(anonymous_8)
FNDA:3,getSpreadRate
FNDA:3,(anonymous_10)
FNDA:2,(anonymous_11)
FNDA:1,(anonymous_12)
FNDA:2,(anonymous_13)
DA:6,7
DA:9,3
DA:13,5
DA:17,1
DA:23,4
DA:24,4
DA:25,4
DA:29,3
DA:30,1
DA:32,2
DA:33,2
DA:34,2
DA:36,2
DA:42,2
DA:45,2
DA:53,3
DA:54,3
DA:55,3
DA:60,2
DA:61,1
DA:63,1
DA:64,1
DA:65,1
DA:66,1
DA:67,1
DA:68,1
DA:76,1
DA:77,2
LF:28
LH:28
BRDA:29,0,0,1
BRDA:29,0,1,2
BRDA:29,1,0,3
BRDA:29,1,1,1
BRDA:29,1,2,1
BRDA:42,2,0,1
BRDA:42,2,1,1
BRDA:60,3,0,1
BRDA:60,3,1,1
BRDA:60,4,0,2
BRDA:60,4,1,1
BRDA:60,4,2,1
BRF:12
BRH:12
end_of_record
TN:
SF:src/actions/sseActions.js
FN:9,(anonymous_0)
FN:10,(anonymous_1)
FN:11,(anonymous_2)
FN:12,(anonymous_3)
FN:13,(anonymous_4)
FN:14,(anonymous_5)
FN:15,(anonymous_6)
FN:16,(anonymous_7)
FN:17,(anonymous_8)
FN:18,(anonymous_9)
FN:20,(anonymous_10)
FN:20,(anonymous_11)
FN:21,(anonymous_12)
FN:22,(anonymous_13)
FNF:14
FNH:0
FNDA:0,(anonymous_0)
FNDA:0,(anonymous_1)
FNDA:0,(anonymous_2)
FNDA:0,(anonymous_3)
FNDA:0,(anonymous_4)
FNDA:0,(anonymous_5)
FNDA:0,(anonymous_6)
FNDA:0,(anonymous_7)
FNDA:0,(anonymous_8)
FNDA:0,(anonymous_9)
FNDA:0,(anonymous_10)
FNDA:0,(anonymous_11)
FNDA:0,(anonymous_12)
FNDA:0,(anonymous_13)
DA:7,6
DA:9,6
DA:10,6
DA:11,6
DA:12,6
DA:13,6
DA:14,6
DA:15,6
DA:16,6
DA:17,6
DA:18,6
DA:20,6
DA:21,0
DA:22,0
LF:14
LH:12
BRF:0
BRH:0
end_of_record
TN:
SF:src/actions/systemSettingsActions.js
FN:4,(anonymous_0)
FN:9,(anonymous_1)
FN:14,(anonymous_2)
FN:14,(anonymous_3)
FN:16,(anonymous_4)
FN:17,(anonymous_5)
FN:20,(anonymous_6)
FN:25,(anonymous_7)
FN:30,(anonymous_8)
FN:30,(anonymous_9)
FN:32,(anonymous_10)
FN:33,(anonymous_11)
FNF:12
FNH:7
FNDA:1,(anonymous_0)
FNDA:1,(anonymous_1)
FNDA:6,(anonymous_2)
FNDA:0,(anonymous_3)
FNDA:0,(anonymous_4)
FNDA:0,(anonymous_5)
FNDA:1,(anonymous_6)
FNDA:1,(anonymous_7)
FNDA:1,(anonymous_8)
FNDA:1,(anonymous_9)
FNDA:0,(anonymous_10)
FNDA:0,(anonymous_11)
DA:4,3
DA:9,3
DA:14,6
DA:15,0
DA:16,0
DA:17,0
DA:20,3
DA:25,3
DA:30,3
DA:31,1
DA:32,0
DA:33,0
LF:12
LH:7
BRF:0
BRH:0
end_of_record
TN:
SF:src/actions/uiActions.js
FN:3,changeCounterPartySelectionAction
FN:7,changeCounterPartySelection
FN:8,(anonymous_2)
FN:11,changeSelectedPreferenceBrokerAction
FN:15,changeSelectedPreferenceBroker
FN:16,(anonymous_5)
FN:29,changeLastTermSelectionAction
FN:33,changeLastTermSelection
FN:34,(anonymous_8)
FN:37,changeTermValuesAction
FN:41,changeTermValues
FN:42,(anonymous_11)
FN:45,changeStrategyTypeAction
FN:49,changeStrategyType
FN:50,(anonymous_14)
FN:53,changeDealTypeAction
FN:57,changeDealType
FN:58,(anonymous_17)
FN:61,changePageAction
FN:65,changePage
FN:66,(anonymous_20)
FN:69,resetUiStateAction
FN:73,resetUiState
FN:74,(anonymous_23)
FN:77,changeClientHoverDataSuccess
FN:85,changeClientHoverData
FN:86,(anonymous_26)
FN:92,toggleThirdCPAction
FN:96,toggleThirdCP
FN:97,(anonymous_29)
FN:100,toggleSettingsModalAction
FN:104,toggleSettingsModal
FN:105,(anonymous_32)
FN:108,toggleRenameFavoritesPopupAction
FN:112,toggleRenameFavoritesPopup
FN:113,(anonymous_35)
FN:116,toggleChangeFavoritesColourPopupAction
FN:120,toggleChangeFavoritesColourPopup
FN:121,(anonymous_38)
FN:124,enableInterestAction
FN:128,enableInterest
FN:129,(anonymous_41)
FN:132,toggleTradeDateSubmitPopupAction
FN:136,toggleTradeDateSubmitPopup
FN:137,(anonymous_44)
FN:140,toggleIsTradeDateEnabledAction
FN:144,toggleIsTradeDateEnabled
FN:145,(anonymous_47)
FN:148,updateBlotterGridDetails
FN:155,toggleIsClsOverrideAction
FN:159,toggleIsClsOverride
FN:160,(anonymous_51)
FN:163,resetAdminTabChangesAction
FN:167,resetAdminTabChanges
FN:168,(anonymous_54)
FN:171,enableBrowserForceRefreshAction
FN:175,enableBrowserForceRefresh
FN:176,(anonymous_57)
FN:179,resetBlotterSearchAction
FN:183,resetBlotterSearch
FN:184,(anonymous_60)
FN:187,changeDealEditStatusAction
FN:191,changeDealEditStatus
FN:192,(anonymous_63)
FN:195,changeReAllocationAction
FN:199,changeReAllocation
FN:200,(anonymous_66)
FN:203,updateDealObjectAction
FN:207,updateDealObject
FN:208,(anonymous_69)
FNF:70
FNH:61
FNDA:5,changeCounterPartySelectionAction
FNDA:4,changeCounterPartySelection
FNDA:4,(anonymous_2)
FNDA:3,changeSelectedPreferenceBrokerAction
FNDA:2,changeSelectedPreferenceBroker
FNDA:2,(anonymous_5)
FNDA:4,changeLastTermSelectionAction
FNDA:3,changeLastTermSelection
FNDA:3,(anonymous_8)
FNDA:2,changeTermValuesAction
FNDA:1,changeTermValues
FNDA:1,(anonymous_11)
FNDA:2,changeStrategyTypeAction
FNDA:1,changeStrategyType
FNDA:1,(anonymous_14)
FNDA:12,changeDealTypeAction
FNDA:21,changeDealType
FNDA:11,(anonymous_17)
FNDA:6,changePageAction
FNDA:6,changePage
FNDA:6,(anonymous_20)
FNDA:2,resetUiStateAction
FNDA:1,resetUiState
FNDA:1,(anonymous_23)
FNDA:6,changeClientHoverDataSuccess
FNDA:5,changeClientHoverData
FNDA:5,(anonymous_26)
FNDA:2,toggleThirdCPAction
FNDA:1,toggleThirdCP
FNDA:1,(anonymous_29)
FNDA:2,toggleSettingsModalAction
FNDA:3,toggleSettingsModal
FNDA:1,(anonymous_32)
FNDA:5,toggleRenameFavoritesPopupAction
FNDA:4,toggleRenameFavoritesPopup
FNDA:4,(anonymous_35)
FNDA:3,toggleChangeFavoritesColourPopupAction
FNDA:2,toggleChangeFavoritesColourPopup
FNDA:2,(anonymous_38)
FNDA:2,enableInterestAction
FNDA:1,enableInterest
FNDA:1,(anonymous_41)
FNDA:2,toggleTradeDateSubmitPopupAction
FNDA:1,toggleTradeDateSubmitPopup
FNDA:1,(anonymous_44)
FNDA:5,toggleIsTradeDateEnabledAction
FNDA:5,toggleIsTradeDateEnabled
FNDA:5,(anonymous_47)
FNDA:0,updateBlotterGridDetails
FNDA:12,toggleIsClsOverrideAction
FNDA:12,toggleIsClsOverride
FNDA:12,(anonymous_51)
FNDA:0,resetAdminTabChangesAction
FNDA:0,resetAdminTabChanges
FNDA:0,(anonymous_54)
FNDA:0,enableBrowserForceRefreshAction
FNDA:0,enableBrowserForceRefresh
FNDA:0,(anonymous_57)
FNDA:0,resetBlotterSearchAction
FNDA:6,resetBlotterSearch
FNDA:0,(anonymous_60)
FNDA:4,changeDealEditStatusAction
FNDA:4,changeDealEditStatus
FNDA:4,(anonymous_63)
FNDA:11,changeReAllocationAction
FNDA:11,changeReAllocation
FNDA:11,(anonymous_66)
FNDA:39,updateDealObjectAction
FNDA:39,updateDealObject
FNDA:39,(anonymous_69)
DA:4,5
DA:8,4
DA:12,3
DA:16,2
DA:17,2
DA:18,2
DA:19,2
DA:21,2
DA:25,2
DA:30,4
DA:34,3
DA:38,2
DA:42,1
DA:46,2
DA:50,1
DA:54,12
DA:58,21
DA:62,6
DA:66,6
DA:70,2
DA:74,1
DA:78,6
DA:86,5
DA:87,5
DA:88,5
DA:93,2
DA:97,1
DA:101,2
DA:105,3
DA:109,5
DA:113,4
DA:117,3
DA:121,2
DA:125,2
DA:129,1
DA:133,2
DA:137,1
DA:141,5
DA:145,5
DA:149,0
DA:156,12
DA:160,12
DA:164,0
DA:168,0
DA:172,0
DA:176,0
DA:180,0
DA:184,6
DA:188,4
DA:192,4
DA:196,11
DA:200,11
DA:204,39
DA:208,39
LF:54
LH:48
BRDA:18,0,0,1
BRDA:18,1,0,1
BRF:2
BRH:2
end_of_record
TN:
SF:src/actions/userActions.js
FN:4,loadUserSuccess
FN:8,loadUserFailed
FN:12,loadUser
FN:13,(anonymous_3)
FN:14,(anonymous_4)
FN:15,(anonymous_5)
FN:19,loadPreferencesSuccess
FN:23,loadPreferencesFailed
FN:27,loadPreferences
FN:28,(anonymous_9)
FN:29,(anonymous_10)
FN:30,(anonymous_11)
FN:34,preferencesChangeSuccess
FN:38,preferencesChangeFailed
FN:42,deleteBrokerPreferenceSuccess
FN:46,deleteBrokerPreferenceFailed
FN:50,addClientTraderPreferenceSuccess
FN:54,addClientTraderPreferenceFailed
FN:58,updateDefaultPreferencesAction
FN:62,addClientTraderPreference
FN:63,(anonymous_20)
FN:84,deleteClientTraderPreference
FN:85,(anonymous_22)
FN:86,(anonymous_23)
FN:87,(anonymous_24)
FN:91,editClientTraderPreference
FN:92,(anonymous_26)
FN:93,(anonymous_27)
FN:94,(anonymous_28)
FN:98,deleteBrokerPreference
FN:99,(anonymous_30)
FN:100,(anonymous_31)
FN:101,(anonymous_32)
FN:105,editBrokerOrder
FN:106,(anonymous_34)
FN:108,(anonymous_35)
FN:109,(anonymous_36)
FN:113,addCurrencyPairPreference
FN:114,(anonymous_38)
FN:115,(anonymous_39)
FN:116,(anonymous_40)
FN:120,deleteCurrencyPairPreference
FN:121,(anonymous_42)
FN:122,(anonymous_43)
FN:123,(anonymous_44)
FN:127,addTermPreference
FN:128,(anonymous_46)
FN:129,(anonymous_47)
FN:130,(anonymous_48)
FN:134,deleteTermPreference
FN:135,(anonymous_50)
FN:136,(anonymous_51)
FN:137,(anonymous_52)
FN:141,changePreference
FN:142,(anonymous_54)
FN:143,(anonymous_55)
FN:144,(anonymous_56)
FN:148,addExecutionVenuePreference
FN:149,(anonymous_58)
FN:150,(anonymous_59)
FN:151,(anonymous_60)
FN:155,deleteExecutionVenuePreference
FN:156,(anonymous_62)
FN:157,(anonymous_63)
FN:158,(anonymous_64)
FN:162,updateDefaultPreferences
FN:163,(anonymous_66)
FN:164,(anonymous_67)
FN:165,(anonymous_68)
FN:169,initUserData
FN:170,(anonymous_70)
FN:170,(anonymous_71)
FN:176,selectPreferredFirmComplete
FN:180,selectPreferredFirm
FN:181,(anonymous_74)
FNF:75
FNH:75
FNDA:3,loadUserSuccess
FNDA:2,loadUserFailed
FNDA:3,loadUser
FNDA:3,(anonymous_3)
FNDA:2,(anonymous_4)
FNDA:1,(anonymous_5)
FNDA:3,loadPreferencesSuccess
FNDA:2,loadPreferencesFailed
FNDA:6,loadPreferences
FNDA:6,(anonymous_9)
FNDA:2,(anonymous_10)
FNDA:1,(anonymous_11)
FNDA:12,preferencesChangeSuccess
FNDA:25,preferencesChangeFailed
FNDA:2,deleteBrokerPreferenceSuccess
FNDA:2,deleteBrokerPreferenceFailed
FNDA:5,addClientTraderPreferenceSuccess
FNDA:2,addClientTraderPreferenceFailed
FNDA:1,updateDefaultPreferencesAction
FNDA:5,addClientTraderPreference
FNDA:5,(anonymous_20)
FNDA:5,deleteClientTraderPreference
FNDA:5,(anonymous_22)
FNDA:1,(anonymous_23)
FNDA:4,(anonymous_24)
FNDA:5,editClientTraderPreference
FNDA:5,(anonymous_26)
FNDA:1,(anonymous_27)
FNDA:1,(anonymous_28)
FNDA:2,deleteBrokerPreference
FNDA:2,(anonymous_30)
FNDA:1,(anonymous_31)
FNDA:1,(anonymous_32)
FNDA:2,editBrokerOrder
FNDA:2,(anonymous_34)
FNDA:1,(anonymous_35)
FNDA:1,(anonymous_36)
FNDA:3,addCurrencyPairPreference
FNDA:3,(anonymous_38)
FNDA:1,(anonymous_39)
FNDA:2,(anonymous_40)
FNDA:5,deleteCurrencyPairPreference
FNDA:5,(anonymous_42)
FNDA:1,(anonymous_43)
FNDA:4,(anonymous_44)
FNDA:2,addTermPreference
FNDA:2,(anonymous_46)
FNDA:1,(anonymous_47)
FNDA:1,(anonymous_48)
FNDA:5,deleteTermPreference
FNDA:5,(anonymous_50)
FNDA:1,(anonymous_51)
FNDA:4,(anonymous_52)
FNDA:2,changePreference
FNDA:2,(anonymous_54)
FNDA:1,(anonymous_55)
FNDA:1,(anonymous_56)
FNDA:2,addExecutionVenuePreference
FNDA:2,(anonymous_58)
FNDA:1,(anonymous_59)
FNDA:1,(anonymous_60)
FNDA:5,deleteExecutionVenuePreference
FNDA:5,(anonymous_62)
FNDA:1,(anonymous_63)
FNDA:4,(anonymous_64)
FNDA:2,updateDefaultPreferences
FNDA:2,(anonymous_66)
FNDA:1,(anonymous_67)
FNDA:1,(anonymous_68)
FNDA:4,initUserData
FNDA:4,(anonymous_70)
FNDA:1,(anonymous_71)
FNDA:5,selectPreferredFirmComplete
FNDA:5,selectPreferredFirm
FNDA:5,(anonymous_74)
DA:5,3
DA:9,2
DA:13,3
DA:14,2
DA:15,1
DA:20,3
DA:24,2
DA:28,6
DA:29,2
DA:30,1
DA:35,12
DA:39,25
DA:43,2
DA:47,2
DA:51,5
DA:55,2
DA:59,1
DA:63,5
DA:64,5
DA:65,5
DA:67,4
DA:68,4
DA:69,4
DA:70,4
DA:71,4
DA:73,4
DA:77,4
DA:79,1
DA:85,5
DA:86,1
DA:87,4
DA:92,5
DA:93,1
DA:94,1
DA:99,2
DA:100,1
DA:101,1
DA:106,2
DA:108,1
DA:109,1
DA:114,3
DA:115,1
DA:116,2
DA:121,5
DA:122,1
DA:123,4
DA:128,2
DA:129,1
DA:130,1
DA:135,5
DA:136,1
DA:137,4
DA:142,2
DA:143,1
DA:144,1
DA:149,2
DA:150,1
DA:151,1
DA:156,5
DA:157,1
DA:158,4
DA:163,2
DA:164,1
DA:165,1
DA:170,4
DA:177,5
DA:181,5
DA:182,5
DA:183,5
DA:184,5
DA:185,5
DA:187,5
DA:191,5
LF:73
LH:73
BRDA:68,0,0,2
BRDA:69,1,0,2
BRDA:70,2,0,0
BRDA:71,3,0,1
BRDA:71,4,0,1
BRDA:180,5,0,0
BRDA:183,6,0,1
BRDA:183,7,0,1
BRF:8
BRH:6
end_of_record
TN:
SF:src/api/agentApi.js
FN:7,(anonymous_0)
FN:9,(anonymous_1)
FNF:2
FNH:2
FNDA:11,(anonymous_0)
FNDA:4,(anonymous_1)
DA:8,11
DA:10,4
DA:11,2
DA:13,2
DA:14,2
LF:5
LH:5
BRDA:10,0,0,2
BRDA:10,0,1,2
BRF:2
BRH:2
end_of_record
TN:
SF:src/api/blotterApi.js
FN:6,(anonymous_0)
FN:19,(anonymous_1)
FNF:2
FNH:1
FNDA:3,(anonymous_0)
FNDA:0,(anonymous_1)
DA:7,3
DA:8,3
DA:9,2
DA:10,2
DA:11,1
DA:13,1
DA:15,1
DA:16,1
DA:20,0
DA:21,0
DA:22,0
DA:24,0
DA:25,0
LF:13
LH:8
BRDA:8,0,0,2
BRDA:8,0,1,1
BRDA:10,1,0,1
BRDA:10,1,1,1
BRDA:21,2,0,0
BRDA:21,2,1,0
BRF:6
BRH:4
end_of_record
TN:
SF:src/api/brokerApi.js
FN:7,(anonymous_0)
FN:16,(anonymous_1)
FN:29,(anonymous_2)
FN:43,(anonymous_3)
FN:46,(anonymous_4)
FNF:5
FNH:5
FNDA:11,(anonymous_0)
FNDA:4,(anonymous_1)
FNDA:15,(anonymous_2)
FNDA:2,(anonymous_3)
FNDA:2,(anonymous_4)
DA:8,11
DA:9,11
DA:10,2
DA:12,11
DA:13,2
DA:15,11
DA:17,4
DA:18,2
DA:21,2
DA:22,2
DA:25,2
DA:30,15
DA:31,15
DA:32,2
DA:35,15
DA:36,6
DA:37,4
DA:39,2
DA:40,2
DA:44,2
DA:45,2
DA:46,2
LF:22
LH:22
BRDA:9,0,0,2
BRDA:9,0,1,9
BRDA:12,1,0,2
BRDA:12,1,1,9
BRDA:17,2,0,2
BRDA:17,2,1,2
BRDA:17,3,0,4
BRDA:17,3,1,4
BRDA:21,4,0,2
BRDA:21,4,1,0
BRDA:31,5,0,2
BRDA:31,5,1,13
BRDA:36,6,0,4
BRDA:36,6,1,2
BRF:14
BRH:13
end_of_record
TN:
SF:src/api/brokerageStrategyApi.js
FN:7,(anonymous_0)
FN:9,(anonymous_1)
FNF:2
FNH:2
FNDA:4,(anonymous_0)
FNDA:2,(anonymous_1)
DA:8,4
DA:10,2
DA:11,1
DA:13,1
DA:14,1
LF:5
LH:5
BRDA:10,0,0,1
BRDA:10,0,1,1
BRDA:10,1,0,2
BRDA:10,1,1,2
BRF:4
BRH:4
end_of_record
TN:
SF:src/api/clientApi.js
FN:7,(anonymous_0)
FN:9,(anonymous_1)
FNF:2
FNH:2
FNDA:11,(anonymous_0)
FNDA:4,(anonymous_1)
DA:8,11
DA:10,4
DA:11,2
DA:13,2
DA:14,2
LF:5
LH:5
BRDA:10,0,0,2
BRDA:10,0,1,2
BRDA:10,1,0,4
BRDA:10,1,1,4
BRF:4
BRH:4
end_of_record
TN:
SF:src/api/currencyApi.js
FN:5,sortCurrencyPairs
FN:13,(anonymous_1)
FN:15,(anonymous_2)
FN:18,(anonymous_3)
FN:23,(anonymous_4)
FNF:5
FNH:5
FNDA:2,sortCurrencyPairs
FNDA:16,(anonymous_1)
FNDA:2,(anonymous_2)
FNDA:1,(anonymous_3)
FNDA:7,(anonymous_4)
DA:6,2
DA:7,1
DA:9,2
DA:14,16
DA:15,2
DA:19,1
DA:20,1
DA:24,7
DA:25,0
DA:26,0
DA:28,0
DA:29,0
LF:12
LH:8
BRDA:6,0,0,1
BRDA:6,0,1,1
BRDA:13,1,0,16
BRDA:20,2,0,1
BRDA:20,2,1,0
BRDA:23,3,0,0
BRDA:25,4,0,0
BRDA:25,4,1,0
BRDA:25,5,0,0
BRDA:25,5,1,0
BRF:10
BRH:4
end_of_record
TN:
SF:src/api/dateApi.js
FN:7,(anonymous_0)
FN:10,(anonymous_1)
FN:18,(anonymous_2)
FN:26,(anonymous_3)
FN:34,(anonymous_4)
FN:42,(anonymous_5)
FN:51,(anonymous_6)
FN:59,(anonymous_7)
FN:69,(anonymous_8)
FN:77,(anonymous_9)
FN:94,(anonymous_10)
FN:102,(anonymous_11)
FN:111,(anonymous_12)
FN:119,(anonymous_13)
FN:131,(anonymous_14)
FN:139,(anonymous_15)
FN:147,(anonymous_16)
FN:155,(anonymous_17)
FN:162,(anonymous_18)
FN:170,(anonymous_19)
FN:178,(anonymous_20)
FNF:21
FNH:21
FNDA:1,(anonymous_0)
FNDA:2,(anonymous_1)
FNDA:2,(anonymous_2)
FNDA:2,(anonymous_3)
FNDA:2,(anonymous_4)
FNDA:2,(anonymous_5)
FNDA:2,(anonymous_6)
FNDA:2,(anonymous_7)
FNDA:2,(anonymous_8)
FNDA:2,(anonymous_9)
FNDA:2,(anonymous_10)
FNDA:2,(anonymous_11)
FNDA:2,(anonymous_12)
FNDA:2,(anonymous_13)
FNDA:2,(anonymous_14)
FNDA:2,(anonymous_15)
FNDA:2,(anonymous_16)
FNDA:2,(anonymous_17)
FNDA:2,(anonymous_18)
FNDA:2,(anonymous_19)
FNDA:2,(anonymous_20)
DA:7,5
DA:11,2
DA:17,2
DA:19,2
DA:20,1
DA:22,1
DA:27,2
DA:33,2
DA:35,2
DA:36,1
DA:38,1
DA:43,2
DA:50,2
DA:52,2
DA:53,1
DA:55,1
DA:60,2
DA:68,2
DA:70,2
DA:71,1
DA:73,1
DA:78,2
DA:85,2
DA:86,0
DA:89,2
DA:90,0
DA:93,2
DA:95,2
DA:96,1
DA:98,1
DA:103,2
DA:110,2
DA:112,2
DA:113,1
DA:115,1
DA:120,2
DA:126,2
DA:127,0
DA:130,2
DA:132,2
DA:133,1
DA:135,1
DA:140,2
DA:146,2
DA:148,2
DA:149,1
DA:151,1
DA:156,2
DA:161,2
DA:163,2
DA:164,1
DA:166,1
DA:171,2
DA:177,2
DA:179,2
DA:180,1
DA:182,1
LF:57
LH:54
BRDA:12,0,0,0
BRDA:12,0,1,2
BRDA:19,1,0,1
BRDA:19,1,1,1
BRDA:29,2,0,0
BRDA:29,2,1,2
BRDA:35,3,0,1
BRDA:35,3,1,1
BRDA:44,4,0,0
BRDA:44,4,1,2
BRDA:52,5,0,1
BRDA:52,5,1,1
BRDA:61,6,0,0
BRDA:61,6,1,2
BRDA:70,7,0,1
BRDA:70,7,1,1
BRDA:77,8,0,0
BRDA:77,9,0,0
BRDA:79,10,0,2
BRDA:79,10,1,0
BRDA:80,11,0,2
BRDA:80,11,1,0
BRDA:81,12,0,0
BRDA:81,12,1,2
BRDA:85,13,0,0
BRDA:85,13,1,2
BRDA:89,14,0,0
BRDA:89,14,1,2
BRDA:95,15,0,1
BRDA:95,15,1,1
BRDA:106,16,0,0
BRDA:106,16,1,2
BRDA:112,17,0,1
BRDA:112,17,1,1
BRDA:122,18,0,0
BRDA:122,18,1,2
BRDA:126,19,0,0
BRDA:126,19,1,2
BRDA:132,20,0,1
BRDA:132,20,1,1
BRDA:142,21,0,0
BRDA:142,21,1,2
BRDA:148,22,0,1
BRDA:148,22,1,1
BRDA:157,23,0,0
BRDA:157,23,1,2
BRDA:163,24,0,1
BRDA:163,24,1,1
BRDA:172,25,0,0
BRDA:172,25,1,2
BRDA:179,26,0,1
BRDA:179,26,1,1
BRF:52
BRH:35
end_of_record
TN:
SF:src/api/dealApi.js
FN:10,(anonymous_0)
FN:31,(anonymous_1)
FN:68,(anonymous_2)
FN:77,(anonymous_3)
FN:86,(anonymous_4)
FN:96,(anonymous_5)
FN:105,(anonymous_6)
FNF:7
FNH:7
FNDA:12,(anonymous_0)
FNDA:4,(anonymous_1)
FNDA:2,(anonymous_2)
FNDA:1,(anonymous_3)
FNDA:9,(anonymous_4)
FNDA:4,(anonymous_5)
FNDA:2,(anonymous_6)
DA:12,12
DA:14,4
DA:15,4
DA:17,6
DA:18,6
DA:20,2
DA:21,2
DA:23,0
DA:26,12
DA:28,12
DA:34,4
DA:36,4
DA:40,4
DA:41,0
DA:42,4
DA:43,0
DA:44,0
DA:53,4
DA:55,3
DA:56,1
DA:57,1
DA:60,2
DA:61,1
DA:62,1
DA:65,1
DA:69,2
DA:70,2
DA:71,2
DA:72,1
DA:74,2
DA:78,1
DA:79,1
DA:80,1
DA:81,0
DA:83,1
DA:87,9
DA:88,2
DA:89,1
DA:91,1
DA:93,1
DA:97,4
DA:98,4
DA:99,3
DA:100,1
DA:101,1
DA:102,1
DA:104,2
DA:105,2
DA:107,1
DA:112,1
DA:114,1
DA:117,2
LF:52
LH:47
BRDA:12,0,0,4
BRDA:12,0,1,6
BRDA:12,0,2,2
BRDA:12,0,3,0
BRDA:40,1,0,0
BRDA:40,1,1,4
BRDA:42,2,0,0
BRDA:42,2,1,4
BRDA:42,3,0,4
BRDA:42,3,1,0
BRDA:48,4,0,1
BRDA:49,5,0,2
BRDA:50,6,0,2
BRDA:55,7,0,1
BRDA:55,7,1,2
BRDA:60,8,0,1
BRDA:60,8,1,1
BRDA:70,9,0,2
BRDA:70,9,1,0
BRDA:71,10,0,1
BRDA:71,10,1,1
BRDA:74,11,0,2
BRDA:74,11,1,0
BRDA:79,12,0,0
BRDA:79,12,1,1
BRDA:80,13,0,0
BRDA:80,13,1,1
BRDA:83,14,0,1
BRDA:83,14,1,1
BRDA:88,15,0,1
BRDA:88,15,1,1
BRDA:88,16,0,2
BRDA:88,16,1,1
BRDA:99,17,0,1
BRDA:99,17,1,2
BRDA:99,18,0,3
BRDA:99,18,1,1
BRDA:104,19,0,1
BRDA:104,19,1,1
BRDA:104,20,0,2
BRDA:104,20,1,1
BRF:41
BRH:33
end_of_record
TN:
SF:src/api/deskApi.js
FN:7,(anonymous_0)
FN:9,(anonymous_1)
FNF:2
FNH:1
FNDA:2,(anonymous_0)
FNDA:0,(anonymous_1)
DA:8,2
DA:10,0
DA:11,0
DA:13,0
DA:14,0
LF:5
LH:1
BRDA:10,0,0,0
BRDA:10,0,1,0
BRDA:10,1,0,0
BRDA:10,1,1,0
BRF:4
BRH:0
end_of_record
TN:
SF:src/api/executionVenueApi.js
FN:7,(anonymous_0)
FN:9,(anonymous_1)
FNF:2
FNH:2
FNDA:7,(anonymous_0)
FNDA:4,(anonymous_1)
DA:8,7
DA:10,4
DA:11,2
DA:13,2
DA:14,2
LF:5
LH:5
BRDA:10,0,0,2
BRDA:10,0,1,2
BRF:2
BRH:2
end_of_record
TN:
SF:src/api/rateApi.js
FN:6,(anonymous_0)
FN:18,(anonymous_1)
FN:21,(anonymous_2)
FN:38,(anonymous_3)
FNF:4
FNH:4
FNDA:3,(anonymous_0)
FNDA:2,(anonymous_1)
FNDA:2,(anonymous_2)
FNDA:2,(anonymous_3)
DA:7,3
DA:17,3
DA:18,2
DA:25,2
DA:37,2
DA:38,2
LF:6
LH:6
BRDA:8,0,0,1
BRDA:8,0,1,2
BRDA:18,1,0,2
BRDA:18,1,1,0
BRDA:26,2,0,1
BRDA:26,2,1,1
BRDA:38,3,0,2
BRDA:38,3,1,0
BRF:8
BRH:6
end_of_record
TN:
SF:src/api/restApi.js
FN:8,(anonymous_0)
FN:20,(anonymous_1)
FN:30,(anonymous_2)
FN:31,(anonymous_3)
FN:49,(anonymous_4)
FN:56,(anonymous_5)
FN:72,(anonymous_6)
FNF:7
FNH:6
FNDA:0,(anonymous_0)
FNDA:82,(anonymous_1)
FNDA:3,(anonymous_2)
FNDA:46,(anonymous_3)
FNDA:3,(anonymous_4)
FNDA:9,(anonymous_5)
FNDA:2,(anonymous_6)
DA:5,51
DA:6,51
DA:8,51
DA:9,0
DA:12,51
DA:21,82
DA:30,3
DA:32,46
DA:34,1
DA:35,45
DA:37,1
DA:38,44
DA:40,43
DA:43,1
DA:45,46
DA:50,3
DA:51,3
DA:53,0
DA:57,9
DA:59,1
DA:63,1
DA:65,1
DA:69,1
DA:71,3
DA:72,1
DA:73,2
DA:75,2
DA:76,1
DA:78,3
DA:82,3
DA:87,3
DA:89,0
DA:90,0
DA:91,0
DA:94,1
DA:96,1
LF:36
LH:31
BRDA:22,0,0,75
BRDA:22,0,1,7
BRDA:23,1,0,82
BRDA:23,1,1,1
BRDA:28,2,0,28
BRDA:28,2,1,54
BRDA:32,3,0,1
BRDA:32,3,1,45
BRDA:35,4,0,1
BRDA:35,4,1,44
BRDA:38,5,0,43
BRDA:38,5,1,1
BRDA:50,6,0,3
BRDA:50,6,1,0
BRDA:57,7,0,1
BRDA:57,7,1,1
BRDA:57,7,2,3
BRDA:57,7,3,1
BRDA:57,7,4,2
BRDA:57,7,5,3
BRDA:57,7,6,0
BRDA:57,7,7,1
BRDA:71,8,0,1
BRDA:71,8,1,2
BRDA:75,9,0,1
BRDA:75,9,1,1
BRDA:89,10,0,0
BRDA:89,10,1,0
BRDA:89,11,0,0
BRDA:89,11,1,0
BRF:30
BRH:24
end_of_record
TN:
SF:src/api/systemSettingsApi.js
FN:5,(anonymous_0)
FN:7,(anonymous_1)
FN:15,(anonymous_2)
FN:17,(anonymous_3)
FNF:4
FNH:4
FNDA:1,(anonymous_0)
FNDA:1,(anonymous_1)
FNDA:2,(anonymous_2)
FNDA:1,(anonymous_3)
DA:6,1
DA:8,1
DA:9,1
DA:11,0
DA:16,2
DA:18,1
DA:19,1
DA:21,0
LF:8
LH:6
BRDA:8,0,0,1
BRDA:8,0,1,0
BRDA:18,1,0,1
BRDA:18,1,1,0
BRF:4
BRH:2
end_of_record
TN:
SF:src/api/userApi.js
FN:6,constructBrokerClientJson
FN:37,constructEditBrokerOrderJson
FN:40,(anonymous_2)
FN:49,(anonymous_3)
FN:57,(anonymous_4)
FN:77,constructAddCurrencyJson
FN:98,constructEditCurrencyJson
FN:117,constructTermJson
FN:137,constructEditTermJson
FN:156,constructEditClientTraderJson
FN:171,constructExecutionVenueJson
FN:188,constructEditExecutionVenueJson
FN:203,(anonymous_12)
FN:205,(anonymous_13)
FN:208,(anonymous_14)
FN:210,(anonymous_15)
FN:213,(anonymous_16)
FN:215,(anonymous_17)
FN:218,(anonymous_18)
FN:227,(anonymous_19)
FN:241,(anonymous_20)
FN:248,(anonymous_21)
FN:255,(anonymous_22)
FN:262,(anonymous_23)
FN:269,(anonymous_24)
FN:276,(anonymous_25)
FN:283,(anonymous_26)
FN:290,(anonymous_27)
FN:292,(anonymous_28)
FN:295,(anonymous_29)
FN:304,(anonymous_30)
FN:307,(anonymous_31)
FN:314,(anonymous_32)
FNF:33
FNH:33
FNDA:14,constructBrokerClientJson
FNDA:9,constructEditBrokerOrderJson
FNDA:2,(anonymous_2)
FNDA:12,(anonymous_3)
FNDA:16,(anonymous_4)
FNDA:10,constructAddCurrencyJson
FNDA:7,constructEditCurrencyJson
FNDA:4,constructTermJson
FNDA:8,constructEditTermJson
FNDA:7,constructEditClientTraderJson
FNDA:3,constructExecutionVenueJson
FNDA:5,constructEditExecutionVenueJson
FNDA:3,(anonymous_12)
FNDA:2,(anonymous_13)
FNDA:6,(anonymous_14)
FNDA:2,(anonymous_15)
FNDA:58,(anonymous_16)
FNDA:39,(anonymous_17)
FNDA:5,(anonymous_18)
FNDA:7,(anonymous_19)
FNDA:7,(anonymous_20)
FNDA:2,(anonymous_21)
FNDA:9,(anonymous_22)
FNDA:10,(anonymous_23)
FNDA:7,(anonymous_24)
FNDA:4,(anonymous_25)
FNDA:8,(anonymous_26)
FNDA:3,(anonymous_27)
FNDA:2,(anonymous_28)
FNDA:4,(anonymous_29)
FNDA:3,(anonymous_30)
FNDA:3,(anonymous_31)
FNDA:5,(anonymous_32)
DA:9,14
DA:11,14
DA:21,13
DA:22,10
DA:34,13
DA:38,9
DA:39,1
DA:41,2
DA:42,2
DA:44,2
DA:49,12
DA:52,8
DA:53,4
DA:57,4
DA:58,16
DA:59,16
DA:62,4
DA:63,1
DA:64,3
DA:65,1
DA:66,2
DA:67,1
DA:68,1
DA:69,1
DA:72,4
DA:78,10
DA:99,7
DA:118,4
DA:138,8
DA:139,5
DA:141,5
DA:157,7
DA:172,3
DA:189,5
DA:204,3
DA:205,2
DA:209,6
DA:210,2
DA:214,58
DA:215,39
DA:219,5
DA:228,7
DA:242,7
DA:249,2
DA:256,9
DA:263,10
DA:270,7
DA:277,4
DA:284,8
DA:291,3
DA:292,2
DA:296,4
DA:303,3
DA:304,3
DA:308,3
DA:315,5
LF:56
LH:56
BRDA:7,0,0,9
BRDA:9,1,0,5
BRDA:9,1,1,9
BRDA:21,2,0,10
BRDA:21,2,1,3
BRDA:21,3,0,13
BRDA:21,3,1,12
BRDA:38,4,0,1
BRDA:38,4,1,8
BRDA:49,5,0,12
BRDA:49,5,1,12
BRDA:52,6,0,4
BRDA:52,6,1,4
BRDA:62,7,0,1
BRDA:62,7,1,3
BRDA:64,8,0,1
BRDA:64,8,1,2
BRDA:66,9,0,1
BRDA:66,9,1,1
BRDA:68,10,0,1
BRDA:68,10,1,0
BRDA:138,11,0,4
BRDA:138,11,1,1
BRDA:139,12,0,4
BRDA:139,12,1,1
BRDA:205,13,0,1
BRDA:205,13,1,1
BRDA:210,14,0,1
BRDA:210,14,1,1
BRDA:215,15,0,38
BRDA:215,15,1,1
BRDA:292,16,0,1
BRDA:292,16,1,1
BRDA:304,17,0,2
BRDA:304,17,1,1
BRF:35
BRH:34
end_of_record
TN:
SF:src/components/Admin/Admin.js
FN:19,(anonymous_0)
FN:33,(anonymous_1)
FN:37,(anonymous_2)
FN:42,(anonymous_3)
FN:46,(anonymous_4)
FN:57,(anonymous_5)
FN:60,(anonymous_6)
FN:75,(anonymous_7)
FNF:8
FNH:5
FNDA:3,(anonymous_0)
FNDA:2,(anonymous_1)
FNDA:2,(anonymous_2)
FNDA:1,(anonymous_3)
FNDA:0,(anonymous_4)
FNDA:0,(anonymous_5)
FNDA:0,(anonymous_6)
FNDA:1,(anonymous_7)
DA:17,2
DA:19,2
DA:20,3
DA:25,3
DA:26,2
DA:27,2
DA:28,2
DA:29,2
DA:30,2
DA:31,2
DA:33,2
DA:34,2
DA:35,2
DA:37,2
DA:38,2
DA:42,2
DA:43,1
DA:44,0
DA:47,0
DA:48,0
DA:51,0
DA:53,1
DA:54,1
DA:57,2
DA:58,0
DA:61,0
DA:62,0
DA:65,0
DA:68,2
DA:75,1
LF:30
LH:22
BRDA:29,0,0,0
BRDA:43,1,0,0
BRDA:43,1,1,1
BRDA:70,2,0,2
BRDA:70,2,1,2
BRDA:70,2,2,0
BRDA:73,3,0,2
BRDA:73,3,1,0
BRDA:79,4,0,2
BRDA:79,4,1,2
BRDA:86,5,0,0
BRDA:86,5,1,0
BRF:12
BRH:6
end_of_record
TN:
SF:src/components/Amount/Amount.js
FN:4,(anonymous_0)
FN:20,(anonymous_1)
FN:21,(anonymous_2)
FNF:3
FNH:1
FNDA:8,(anonymous_0)
FNDA:0,(anonymous_1)
FNDA:0,(anonymous_2)
DA:4,7
DA:7,8
DA:20,0
DA:21,0
DA:26,7
LF:5
LH:3
BRF:0
BRH:0
end_of_record
TN:
SF:src/components/Amount/AmountContainer.js
FN:10,(anonymous_0)
FN:14,(anonymous_1)
FN:22,(anonymous_2)
FN:29,(anonymous_3)
FN:75,(anonymous_4)
FN:91,(anonymous_5)
FN:116,(anonymous_6)
FN:134,(anonymous_7)
FN:135,(anonymous_8)
FN:149,(anonymous_9)
FNF:10
FNH:2
FNDA:0,(anonymous_0)
FNDA:0,(anonymous_1)
FNDA:0,(anonymous_2)
FNDA:0,(anonymous_3)
FNDA:0,(anonymous_4)
FNDA:0,(anonymous_5)
FNDA:8,(anonymous_6)
FNDA:0,(anonymous_7)
FNDA:0,(anonymous_8)
FNDA:8,(anonymous_9)
DA:10,8
DA:11,0
DA:14,8
DA:15,0
DA:16,0
DA:17,0
DA:22,8
DA:23,0
DA:24,0
DA:26,0
DA:28,0
DA:29,0
DA:30,0
DA:32,0
DA:36,0
DA:39,0
DA:40,0
DA:44,0
DA:45,0
DA:48,0
DA:49,0
DA:50,0
DA:52,0
DA:55,0
DA:57,0
DA:59,0
DA:62,0
DA:63,0
DA:64,0
DA:67,0
DA:69,0
DA:75,8
DA:76,0
DA:77,0
DA:78,0
DA:79,0
DA:81,0
DA:82,0
DA:85,0
DA:86,0
DA:91,8
DA:92,0
DA:93,0
DA:94,0
DA:96,0
DA:97,0
DA:98,0
DA:99,0
DA:100,0
DA:102,0
DA:104,0
DA:105,0
DA:106,0
DA:107,0
DA:108,0
DA:109,0
DA:111,0
DA:113,0
DA:117,8
DA:132,7
DA:138,7
DA:149,8
LF:62
LH:9
BRDA:17,0,0,0
BRDA:17,0,1,0
BRDA:17,0,2,0
BRDA:17,0,3,0
BRDA:24,1,0,0
BRDA:24,1,1,0
BRDA:24,2,0,0
BRDA:24,2,1,0
BRDA:24,2,2,0
BRDA:28,3,0,0
BRDA:28,3,1,0
BRDA:32,4,0,0
BRDA:32,4,1,0
BRDA:32,4,2,0
BRDA:32,4,3,0
BRDA:32,4,4,0
BRDA:32,4,5,0
BRDA:32,4,6,0
BRDA:44,5,0,0
BRDA:44,5,1,0
BRDA:49,6,0,0
BRDA:49,6,1,0
BRDA:57,7,0,0
BRDA:57,7,1,0
BRDA:57,8,0,0
BRDA:57,8,1,0
BRDA:63,9,0,0
BRDA:63,9,1,0
BRDA:76,10,0,0
BRDA:76,10,1,0
BRDA:77,11,0,0
BRDA:77,11,1,0
BRDA:78,12,0,0
BRDA:78,12,1,0
BRDA:94,13,0,0
BRDA:94,13,1,0
BRDA:96,14,0,0
BRDA:96,14,1,0
BRDA:98,15,0,0
BRDA:98,15,1,0
BRDA:99,16,0,0
BRDA:99,16,1,0
BRDA:106,17,0,0
BRDA:106,17,1,0
BRDA:108,18,0,0
BRDA:108,18,1,0
BRF:46
BRH:0
end_of_record
TN:
SF:src/components/App/App.js
FN:21,(anonymous_0)
FN:26,(anonymous_1)
FN:31,fetchUserData
FN:37,(anonymous_3)
FN:41,(anonymous_4)
FN:48,(anonymous_5)
FN:72,(anonymous_6)
FNF:7
FNH:6
FNDA:2,(anonymous_0)
FNDA:1,(anonymous_1)
FNDA:1,fetchUserData
FNDA:1,(anonymous_3)
FNDA:1,(anonymous_4)
FNDA:0,(anonymous_5)
FNDA:6,(anonymous_6)
DA:21,1
DA:22,2
DA:23,1
DA:24,1
DA:26,1
DA:27,1
DA:28,1
DA:29,1
DA:32,1
DA:34,1
DA:37,1
DA:38,1
DA:41,1
DA:43,1
DA:44,1
DA:45,0
DA:48,1
DA:49,0
DA:50,0
DA:52,0
DA:57,1
DA:66,1
DA:73,6
DA:74,6
LF:24
LH:20
BRDA:27,0,0,1
BRDA:27,0,1,0
BRDA:27,0,2,0
BRDA:38,1,0,0
BRDA:38,1,1,1
BRDA:44,2,0,0
BRDA:44,2,1,1
BRDA:44,3,0,1
BRDA:44,3,1,0
BRDA:49,4,0,0
BRDA:49,4,1,0
BRF:11
BRH:4
end_of_record
TN:
SF:src/components/Blotter/BlotterContainer.js
FN:29,(anonymous_0)
FN:39,(anonymous_1)
FN:40,(anonymous_2)
FN:50,(anonymous_3)
FN:55,(anonymous_4)
FN:60,(anonymous_5)
FN:66,(anonymous_6)
FN:67,terminateSession
FN:77,(anonymous_8)
FN:89,(anonymous_9)
FN:95,(anonymous_10)
FN:103,(anonymous_11)
FN:107,(anonymous_12)
FN:111,(anonymous_13)
FN:116,(anonymous_14)
FN:120,(anonymous_15)
FN:124,(anonymous_16)
FN:144,(anonymous_17)
FNF:18
FNH:0
FNDA:0,(anonymous_0)
FNDA:0,(anonymous_1)
FNDA:0,(anonymous_2)
FNDA:0,(anonymous_3)
FNDA:0,(anonymous_4)
FNDA:0,(anonymous_5)
FNDA:0,(anonymous_6)
FNDA:0,terminateSession
FNDA:0,(anonymous_8)
FNDA:0,(anonymous_9)
FNDA:0,(anonymous_10)
FNDA:0,(anonymous_11)
FNDA:0,(anonymous_12)
FNDA:0,(anonymous_13)
FNDA:0,(anonymous_14)
FNDA:0,(anonymous_15)
FNDA:0,(anonymous_16)
FNDA:0,(anonymous_17)
DA:27,1
DA:29,1
DA:30,0
DA:31,0
DA:32,0
DA:33,0
DA:34,0
DA:35,0
DA:36,0
DA:37,0
DA:39,0
DA:40,0
DA:41,0
DA:42,0
DA:46,0
DA:47,0
DA:48,0
DA:50,0
DA:51,0
DA:55,0
DA:57,0
DA:58,0
DA:60,0
DA:61,0
DA:62,0
DA:66,0
DA:68,0
DA:69,0
DA:72,0
DA:73,0
DA:77,0
DA:78,0
DA:79,0
DA:80,0
DA:82,0
DA:83,0
DA:84,0
DA:89,0
DA:90,0
DA:91,0
DA:92,0
DA:95,0
DA:96,0
DA:97,0
DA:98,0
DA:103,0
DA:104,0
DA:107,0
DA:108,0
DA:111,0
DA:112,0
DA:113,0
DA:116,0
DA:117,0
DA:120,0
DA:121,0
DA:124,0
DA:144,0
DA:145,0
DA:165,0
LF:60
LH:2
BRDA:41,0,0,0
BRDA:41,0,1,0
BRDA:41,1,0,0
BRDA:41,1,1,0
BRDA:46,2,0,0
BRDA:46,2,1,0
BRDA:68,3,0,0
BRDA:68,3,1,0
BRDA:72,4,0,0
BRDA:72,4,1,0
BRDA:78,5,0,0
BRDA:78,5,1,0
BRDA:78,6,0,0
BRDA:78,6,1,0
BRDA:79,7,0,0
BRDA:79,7,1,0
BRDA:83,8,0,0
BRDA:83,8,1,0
BRDA:90,9,0,0
BRDA:90,9,1,0
BRDA:97,10,0,0
BRDA:97,10,1,0
BRDA:97,11,0,0
BRDA:97,11,1,0
BRDA:169,12,0,0
BRDA:169,12,1,0
BRDA:172,13,0,0
BRDA:172,13,1,0
BRF:28
BRH:0
end_of_record
TN:
SF:src/components/Blotter/BlotterTable.js
FN:25,(anonymous_0)
FN:40,(anonymous_1)
FN:45,(anonymous_2)
FN:54,(anonymous_3)
FN:55,(anonymous_4)
FN:57,(anonymous_5)
FN:67,(anonymous_6)
FN:69,(anonymous_7)
FN:70,(anonymous_8)
FN:80,(anonymous_9)
FN:90,(anonymous_10)
FN:96,(anonymous_11)
FN:113,(anonymous_12)
FN:141,(anonymous_13)
FN:146,(anonymous_14)
FN:155,(anonymous_15)
FN:159,(anonymous_16)
FN:164,(anonymous_17)
FN:165,(anonymous_18)
FN:169,(anonymous_19)
FN:184,(anonymous_20)
FN:192,(anonymous_21)
FN:199,(anonymous_22)
FN:254,(anonymous_23)
FNF:24
FNH:0
FNDA:0,(anonymous_0)
FNDA:0,(anonymous_1)
FNDA:0,(anonymous_2)
FNDA:0,(anonymous_3)
FNDA:0,(anonymous_4)
FNDA:0,(anonymous_5)
FNDA:0,(anonymous_6)
FNDA:0,(anonymous_7)
FNDA:0,(anonymous_8)
FNDA:0,(anonymous_9)
FNDA:0,(anonymous_10)
FNDA:0,(anonymous_11)
FNDA:0,(anonymous_12)
FNDA:0,(anonymous_13)
FNDA:0,(anonymous_14)
FNDA:0,(anonymous_15)
FNDA:0,(anonymous_16)
FNDA:0,(anonymous_17)
FNDA:0,(anonymous_18)
FNDA:0,(anonymous_19)
FNDA:0,(anonymous_20)
FNDA:0,(anonymous_21)
FNDA:0,(anonymous_22)
FNDA:0,(anonymous_23)
DA:25,1
DA:26,0
DA:27,0
DA:28,0
DA:29,0
DA:30,0
DA:31,0
DA:32,0
DA:33,0
DA:34,0
DA:40,0
DA:41,0
DA:42,0
DA:45,0
DA:46,0
DA:47,0
DA:49,0
DA:50,0
DA:52,0
DA:53,0
DA:54,0
DA:55,0
DA:56,0
DA:57,0
DA:58,0
DA:59,0
DA:60,0
DA:66,0
DA:67,0
DA:68,0
DA:69,0
DA:70,0
DA:71,0
DA:72,0
DA:73,0
DA:78,0
DA:80,0
DA:81,0
DA:83,0
DA:87,0
DA:90,0
DA:91,0
DA:92,0
DA:96,0
DA:97,0
DA:98,0
DA:101,0
DA:102,0
DA:103,0
DA:105,0
DA:113,0
DA:114,0
DA:115,0
DA:118,0
DA:119,0
DA:122,0
DA:123,0
DA:124,0
DA:126,0
DA:127,0
DA:130,0
DA:134,0
DA:135,0
DA:138,0
DA:141,0
DA:142,0
DA:143,0
DA:146,0
DA:147,0
DA:148,0
DA:149,0
DA:150,0
DA:152,0
DA:155,0
DA:156,0
DA:157,0
DA:158,0
DA:159,0
DA:160,0
DA:164,0
DA:165,0
DA:166,0
DA:167,0
DA:170,0
DA:171,0
DA:172,0
DA:176,0
DA:179,0
DA:180,0
DA:181,0
DA:184,0
DA:185,0
DA:186,0
DA:187,0
DA:188,0
DA:192,0
DA:193,0
DA:194,0
DA:195,0
DA:196,0
DA:197,0
DA:199,0
DA:201,0
DA:202,0
DA:205,0
DA:232,0
DA:254,0
DA:280,0
DA:291,1
DA:294,1
LF:110
LH:3
BRDA:50,0,0,0
BRDA:50,0,1,0
BRDA:50,1,0,0
BRDA:50,1,1,0
BRDA:57,2,0,0
BRDA:57,2,1,0
BRDA:58,3,0,0
BRDA:58,3,1,0
BRDA:58,4,0,0
BRDA:58,4,1,0
BRDA:71,5,0,0
BRDA:71,5,1,0
BRDA:91,6,0,0
BRDA:91,6,1,0
BRDA:97,7,0,0
BRDA:97,7,1,0
BRDA:101,8,0,0
BRDA:101,8,1,0
BRDA:114,9,0,0
BRDA:114,9,1,0
BRDA:126,10,0,0
BRDA:126,10,1,0
BRDA:146,11,0,0
BRDA:147,12,0,0
BRDA:147,12,1,0
BRDA:149,13,0,0
BRDA:149,13,1,0
BRDA:157,14,0,0
BRDA:157,14,1,0
BRDA:166,15,0,0
BRDA:166,15,1,0
BRDA:185,16,0,0
BRDA:185,16,1,0
BRDA:196,17,0,0
BRDA:196,17,1,0
BRF:35
BRH:0
end_of_record
TN:
SF:src/components/Blotter/columnDefs/fxColumnDefs.js
FN:9,fxColumnDefs
FN:32,(anonymous_1)
FN:88,(anonymous_2)
FN:99,(anonymous_3)
FN:110,(anonymous_4)
FN:121,(anonymous_5)
FN:132,(anonymous_6)
FN:149,(anonymous_7)
FN:151,(anonymous_8)
FN:153,(anonymous_9)
FN:161,(anonymous_10)
FN:163,(anonymous_11)
FN:165,(anonymous_12)
FN:294,(anonymous_13)
FN:305,(anonymous_14)
FN:316,(anonymous_15)
FN:330,(anonymous_16)
FN:344,(anonymous_17)
FN:358,(anonymous_18)
FN:372,(anonymous_19)
FN:386,(anonymous_20)
FN:405,(anonymous_21)
FN:408,(anonymous_22)
FN:417,(anonymous_23)
FN:420,(anonymous_24)
FN:444,(anonymous_25)
FN:446,(anonymous_26)
FN:466,(anonymous_27)
FN:468,(anonymous_28)
FN:486,(anonymous_29)
FN:488,(anonymous_30)
FN:508,(anonymous_31)
FN:510,(anonymous_32)
FNF:33
FNH:27
FNDA:5,fxColumnDefs
FNDA:0,(anonymous_1)
FNDA:1,(anonymous_2)
FNDA:1,(anonymous_3)
FNDA:1,(anonymous_4)
FNDA:1,(anonymous_5)
FNDA:1,(anonymous_6)
FNDA:1,(anonymous_7)
FNDA:1,(anonymous_8)
FNDA:1,(anonymous_9)
FNDA:0,(anonymous_10)
FNDA:1,(anonymous_11)
FNDA:1,(anonymous_12)
FNDA:1,(anonymous_13)
FNDA:1,(anonymous_14)
FNDA:1,(anonymous_15)
FNDA:1,(anonymous_16)
FNDA:1,(anonymous_17)
FNDA:1,(anonymous_18)
FNDA:1,(anonymous_19)
FNDA:1,(anonymous_20)
FNDA:1,(anonymous_21)
FNDA:1,(anonymous_22)
FNDA:1,(anonymous_23)
FNDA:1,(anonymous_24)
FNDA:3,(anonymous_25)
FNDA:0,(anonymous_26)
FNDA:2,(anonymous_27)
FNDA:0,(anonymous_28)
FNDA:2,(anonymous_29)
FNDA:0,(anonymous_30)
FNDA:2,(anonymous_31)
FNDA:0,(anonymous_32)
DA:10,5
DA:17,5
DA:23,5
DA:32,0
DA:88,1
DA:99,1
DA:110,1
DA:121,1
DA:132,1
DA:149,1
DA:151,1
DA:153,1
DA:161,0
DA:163,1
DA:165,1
DA:294,1
DA:305,1
DA:316,1
DA:330,1
DA:344,1
DA:358,1
DA:372,1
DA:386,1
DA:405,1
DA:408,1
DA:417,1
DA:420,1
DA:444,3
DA:446,0
DA:466,2
DA:468,0
DA:486,2
DA:488,0
DA:508,2
DA:510,0
LF:35
LH:29
BRF:0
BRH:0
end_of_record
TN:
SF:src/components/Blotter/filters/BlotterFilters.js
FN:21,(anonymous_0)
FN:29,(anonymous_1)
FN:33,(anonymous_2)
FN:45,(anonymous_3)
FN:66,(anonymous_4)
FN:84,(anonymous_5)
FN:85,(anonymous_6)
FN:97,(anonymous_7)
FN:104,(anonymous_8)
FN:111,(anonymous_9)
FN:132,(anonymous_10)
FN:148,(anonymous_11)
FNF:12
FNH:11
FNDA:9,(anonymous_0)
FNDA:6,(anonymous_1)
FNDA:6,(anonymous_2)
FNDA:3,(anonymous_3)
FNDA:3,(anonymous_4)
FNDA:6,(anonymous_5)
FNDA:6,(anonymous_6)
FNDA:6,(anonymous_7)
FNDA:6,(anonymous_8)
FNDA:1,(anonymous_9)
FNDA:1,(anonymous_10)
FNDA:0,(anonymous_11)
DA:20,2
DA:21,2
DA:22,9
DA:23,9
DA:24,9
DA:25,9
DA:26,9
DA:27,9
DA:28,9
DA:29,9
DA:30,6
DA:33,9
DA:34,6
DA:36,6
DA:37,6
DA:39,6
DA:40,0
DA:42,6
DA:43,6
DA:45,6
DA:46,3
DA:47,3
DA:48,0
DA:52,3
DA:53,0
DA:58,3
DA:65,3
DA:67,3
DA:68,3
DA:69,0
DA:74,3
DA:80,3
DA:84,9
DA:85,6
DA:86,6
DA:87,3
DA:88,3
DA:89,0
DA:92,3
DA:97,9
DA:98,6
DA:99,6
DA:100,6
DA:101,6
DA:104,9
DA:105,6
DA:106,6
DA:107,6
DA:111,9
DA:112,1
DA:113,0
DA:120,0
DA:121,0
DA:122,0
DA:124,0
DA:126,1
DA:127,1
DA:128,1
DA:132,9
DA:133,1
DA:134,0
DA:135,0
DA:136,0
DA:137,0
DA:138,0
DA:139,0
DA:140,0
DA:141,0
DA:143,0
DA:145,1
DA:148,9
DA:149,0
DA:150,0
DA:154,9
DA:213,2
LF:75
LH:54
BRDA:39,0,0,0
BRDA:39,0,1,6
BRDA:47,1,0,0
BRDA:47,1,1,3
BRDA:52,2,0,0
BRDA:52,2,1,3
BRDA:52,3,0,3
BRDA:52,3,1,3
BRDA:52,3,2,3
BRDA:68,4,0,0
BRDA:68,4,1,3
BRDA:84,5,0,0
BRDA:86,6,0,3
BRDA:86,6,1,3
BRDA:88,7,0,0
BRDA:88,7,1,3
BRDA:105,8,0,6
BRDA:105,8,1,0
BRDA:112,9,0,0
BRDA:112,9,1,1
BRDA:121,10,0,0
BRDA:121,10,1,0
BRDA:121,11,0,0
BRDA:121,11,1,0
BRDA:133,12,0,0
BRDA:133,12,1,1
BRDA:133,13,0,1
BRDA:133,13,1,1
BRDA:134,14,0,0
BRDA:134,14,1,0
BRDA:136,15,0,0
BRDA:136,15,1,0
BRDA:138,16,0,0
BRDA:138,16,1,0
BRDA:140,17,0,0
BRDA:140,17,1,0
BRDA:149,18,0,0
BRDA:149,18,1,0
BRF:38
BRH:15
end_of_record
TN:
SF:src/components/Blotter/filters/ClearColumnFilters.js
FN:1,getClearColumnFiltersMenu
FN:6,(anonymous_1)
FNF:2
FNH:1
FNDA:3,getClearColumnFiltersMenu
FNDA:0,(anonymous_1)
DA:2,3
DA:7,0
DA:11,3
LF:3
LH:2
BRF:0
BRH:0
end_of_record
TN:
SF:src/components/Blotter/filters/DateField.js
FN:5,(anonymous_0)
FN:22,(anonymous_1)
FNF:2
FNH:2
FNDA:13,(anonymous_0)
FNDA:396,(anonymous_1)
DA:5,3
DA:8,13
DA:22,396
DA:27,3
LF:4
LH:4
BRF:0
BRH:0
end_of_record
TN:
SF:src/components/Blotter/filters/DealId.js
FN:4,(anonymous_0)
FNF:1
FNH:1
FNDA:8,(anonymous_0)
DA:4,3
DA:7,8
DA:25,3
LF:3
LH:3
BRF:0
BRH:0
end_of_record
TN:
SF:src/components/Blotter/filters/TextField.js
FN:4,(anonymous_0)
FN:15,(anonymous_1)
FN:21,(anonymous_2)
FNF:3
FNH:1
FNDA:20,(anonymous_0)
FNDA:0,(anonymous_1)
FNDA:0,(anonymous_2)
DA:4,3
DA:7,20
DA:15,0
DA:20,3
DA:23,3
LF:5
LH:4
BRF:0
BRH:0
end_of_record
TN:
SF:src/components/Blotter/renderers/SSEConnectionStatusRenderer.js
FN:7,SSEConnectionStatusRenderer
FN:9,(anonymous_1)
FN:11,(anonymous_2)
FNF:3
FNH:3
FNDA:4,SSEConnectionStatusRenderer
FNDA:4,(anonymous_1)
FNDA:4,(anonymous_2)
DA:8,4
DA:9,4
DA:11,4
DA:12,4
DA:13,4
DA:14,1
DA:15,3
DA:16,1
DA:19,2
DA:21,4
LF:10
LH:10
BRDA:9,0,0,4
BRDA:9,0,1,2
BRDA:13,1,0,1
BRDA:13,1,1,3
BRDA:15,2,0,1
BRDA:15,2,1,2
BRF:6
BRH:6
end_of_record
TN:
SF:src/components/Blotter/renderers/SearchCriteriaLabelRenderer.js
FN:9,(anonymous_0)
FN:18,(anonymous_1)
FNF:2
FNH:2
FNDA:12,(anonymous_0)
FNDA:7,(anonymous_1)
DA:9,2
DA:10,12
DA:11,12
DA:12,12
DA:13,12
DA:14,12
DA:15,12
DA:18,12
DA:19,7
DA:20,7
DA:21,7
DA:22,7
DA:23,7
DA:24,5
DA:25,5
DA:27,7
DA:30,3
DA:32,3
DA:33,3
DA:36,3
DA:37,1
DA:38,1
DA:40,2
DA:41,2
DA:44,2
DA:45,1
DA:48,2
DA:49,1
DA:52,2
DA:53,1
DA:54,1
DA:57,2
DA:60,7
DA:61,7
DA:62,7
DA:63,1
DA:65,7
DA:68,12
LF:38
LH:38
BRDA:23,0,0,5
BRDA:23,0,1,2
BRDA:23,1,0,7
BRDA:23,1,1,5
BRDA:27,2,0,3
BRDA:27,2,1,4
BRDA:32,3,0,3
BRDA:32,3,1,0
BRDA:32,4,0,3
BRDA:32,4,1,1
BRDA:32,4,2,0
BRDA:32,4,3,0
BRDA:32,4,4,0
BRDA:36,5,0,1
BRDA:36,5,1,2
BRDA:40,6,0,2
BRDA:40,6,1,0
BRDA:40,7,0,2
BRDA:40,7,1,0
BRDA:40,7,2,0
BRDA:40,7,3,0
BRDA:44,8,0,1
BRDA:44,8,1,1
BRDA:48,9,0,1
BRDA:48,9,1,1
BRDA:52,10,0,1
BRDA:52,10,1,1
BRDA:53,11,0,1
BRDA:53,11,1,0
BRDA:62,12,0,1
BRDA:62,12,1,6
BRF:31
BRH:22
end_of_record
TN:
SF:src/components/Blotter/renderers/StatusBarLastUpdatedRenderer.js
FN:6,StatusBarLastUpdatedRenderer
FN:10,(anonymous_1)
FNF:2
FNH:2
FNDA:4,StatusBarLastUpdatedRenderer
FNDA:2,(anonymous_1)
DA:7,4
DA:8,4
DA:10,4
DA:11,2
DA:12,1
DA:14,1
DA:18,4
LF:7
LH:7
BRDA:11,0,0,1
BRDA:11,0,1,1
BRF:2
BRH:2
end_of_record
TN:
SF:src/components/Blotter/renderers/TotalBrokerageRenderer.js
FN:9,(anonymous_0)
FN:15,(anonymous_1)
FN:20,(anonymous_2)
FN:21,(anonymous_3)
FNF:4
FNH:0
FNDA:0,(anonymous_0)
FNDA:0,(anonymous_1)
FNDA:0,(anonymous_2)
FNDA:0,(anonymous_3)
DA:9,1
DA:10,0
DA:11,0
DA:12,0
DA:13,0
DA:15,0
DA:16,0
DA:17,0
DA:18,0
DA:19,0
DA:20,0
DA:21,0
DA:22,0
DA:23,0
DA:24,0
DA:27,0
DA:28,0
DA:29,0
DA:32,0
DA:36,0
DA:39,0
LF:21
LH:1
BRDA:17,0,0,0
BRDA:17,0,1,0
BRDA:17,1,0,0
BRDA:17,1,1,0
BRDA:18,2,0,0
BRDA:18,2,1,0
BRDA:19,3,0,0
BRDA:19,3,1,0
BRDA:21,4,0,0
BRDA:21,4,1,0
BRDA:23,5,0,0
BRDA:23,5,1,0
BRDA:23,6,0,0
BRDA:23,6,1,0
BRDA:23,6,2,0
BRDA:28,7,0,0
BRDA:28,7,1,0
BRDA:28,8,0,0
BRDA:28,8,1,0
BRDA:28,8,2,0
BRF:20
BRH:0
end_of_record
TN:
SF:src/components/BrokerOverride/BrokerOverrideContainer.js
FN:33,(anonymous_0)
FN:45,(anonymous_1)
FN:53,(anonymous_2)
FN:60,(anonymous_3)
FN:64,(anonymous_4)
FN:68,(anonymous_5)
FN:70,(anonymous_6)
FN:78,(anonymous_7)
FN:87,(anonymous_8)
FN:88,(anonymous_9)
FN:98,(anonymous_10)
FN:99,(anonymous_11)
FN:110,(anonymous_12)
FN:117,(anonymous_13)
FN:126,(anonymous_14)
FN:136,(anonymous_15)
FNF:16
FNH:7
FNDA:7,(anonymous_0)
FNDA:0,(anonymous_1)
FNDA:7,(anonymous_2)
FNDA:7,(anonymous_3)
FNDA:0,(anonymous_4)
FNDA:0,(anonymous_5)
FNDA:0,(anonymous_6)
FNDA:0,(anonymous_7)
FNDA:0,(anonymous_8)
FNDA:0,(anonymous_9)
FNDA:8,(anonymous_10)
FNDA:5,(anonymous_11)
FNDA:0,(anonymous_12)
FNDA:0,(anonymous_13)
FNDA:7,(anonymous_14)
FNDA:7,(anonymous_15)
DA:33,3
DA:34,7
DA:35,7
DA:36,7
DA:37,7
DA:38,7
DA:40,7
DA:41,7
DA:43,7
DA:45,7
DA:46,0
DA:47,0
DA:48,0
DA:49,0
DA:50,0
DA:53,7
DA:54,7
DA:55,0
DA:56,0
DA:60,7
DA:61,7
DA:64,7
DA:65,0
DA:66,0
DA:69,0
DA:70,0
DA:71,0
DA:76,0
DA:79,0
DA:83,0
DA:87,7
DA:88,0
DA:89,0
DA:90,0
DA:91,0
DA:93,0
DA:98,7
DA:99,8
DA:100,5
DA:101,5
DA:102,5
DA:103,5
DA:104,1
DA:105,1
DA:110,7
DA:111,0
DA:113,0
DA:114,0
DA:118,0
DA:122,0
DA:126,7
DA:127,7
DA:128,7
DA:129,7
DA:130,7
DA:131,7
DA:132,7
DA:136,7
DA:137,7
DA:138,7
DA:139,7
DA:143,7
DA:144,7
DA:146,0
DA:150,7
DA:206,3
LF:66
LH:40
BRDA:54,0,0,0
BRDA:54,0,1,7
BRDA:69,1,0,0
BRDA:69,1,1,0
BRDA:89,2,0,0
BRDA:89,2,1,0
BRDA:103,3,0,1
BRDA:103,3,1,4
BRDA:113,4,0,0
BRDA:113,4,1,0
BRDA:130,5,0,7
BRDA:130,5,1,0
BRDA:137,6,0,7
BRDA:137,6,1,0
BRF:14
BRH:5
end_of_record
TN:
SF:src/components/BrokerOverride/BrokersTransfer.js
FN:8,(anonymous_0)
FN:15,(anonymous_1)
FN:19,(anonymous_2)
FN:23,(anonymous_3)
FN:25,(anonymous_4)
FN:32,(anonymous_5)
FN:36,(anonymous_6)
FN:45,(anonymous_7)
FN:52,(anonymous_8)
FNF:9
FNH:7
FNDA:18,(anonymous_0)
FNDA:0,(anonymous_1)
FNDA:0,(anonymous_2)
FNDA:9,(anonymous_3)
FNDA:18,(anonymous_4)
FNDA:18,(anonymous_5)
FNDA:6,(anonymous_6)
FNDA:90,(anonymous_7)
FNDA:96,(anonymous_8)
DA:8,4
DA:9,18
DA:10,18
DA:11,18
DA:12,18
DA:13,18
DA:15,18
DA:16,0
DA:19,18
DA:20,0
DA:23,18
DA:24,9
DA:25,18
DA:26,9
DA:27,9
DA:28,9
DA:32,18
DA:33,18
DA:36,18
DA:39,18
DA:45,90
DA:52,96
DA:65,4
LF:23
LH:21
BRDA:24,0,0,9
BRDA:24,0,1,0
BRDA:36,1,0,6
BRDA:36,1,1,6
BRF:4
BRH:3
end_of_record
TN:
SF:src/components/BrokerOverride/DealTypes.js
FN:5,(anonymous_0)
FN:9,(anonymous_1)
FNF:2
FNH:2
FNDA:1,(anonymous_0)
FNDA:3,(anonymous_1)
DA:5,1
DA:6,1
DA:10,3
DA:24,1
LF:4
LH:4
BRF:0
BRH:0
end_of_record
TN:
SF:src/components/BrokerOverride/Desks.js
FN:4,(anonymous_0)
FN:20,(anonymous_1)
FNF:2
FNH:2
FNDA:9,(anonymous_0)
FNDA:16,(anonymous_1)
DA:4,4
DA:7,9
DA:20,16
DA:27,4
LF:4
LH:4
BRDA:19,0,0,9
BRDA:19,0,1,9
BRF:2
BRH:2
end_of_record
TN:
SF:src/components/BrokerageStrategy/BrokerageStrategy.js
FN:10,(anonymous_0)
FN:16,(anonymous_1)
FN:29,(anonymous_2)
FNF:3
FNH:2
FNDA:4,(anonymous_0)
FNDA:2,(anonymous_1)
FNDA:0,(anonymous_2)
DA:10,2
DA:11,4
DA:12,4
DA:13,4
DA:14,4
DA:16,4
DA:17,2
DA:20,4
DA:29,0
LF:9
LH:8
BRF:0
BRH:0
end_of_record
TN:
SF:src/components/BrokerageType/BrokerageType.js
FN:6,(anonymous_0)
FN:14,(anonymous_1)
FNF:2
FNH:0
FNDA:0,(anonymous_0)
FNDA:0,(anonymous_1)
DA:6,0
DA:7,0
DA:15,0
LF:3
LH:0
BRF:0
BRH:0
end_of_record
TN:
SF:src/components/BrokersTab/BrokersTab.js
FN:8,(anonymous_0)
FN:25,(anonymous_1)
FNF:2
FNH:2
FNDA:19,(anonymous_0)
FNDA:38,(anonymous_1)
DA:8,4
DA:15,19
DA:39,38
DA:41,38
DA:123,4
DA:127,4
LF:6
LH:6
BRDA:24,0,0,19
BRDA:24,0,1,19
BRDA:27,1,0,0
BRDA:34,2,0,0
BRDA:35,3,0,0
BRDA:36,4,0,0
BRDA:37,5,0,0
BRDA:38,6,0,0
BRDA:45,7,0,38
BRDA:45,7,1,38
BRDA:45,7,2,38
BRDA:59,8,0,38
BRDA:59,8,1,0
BRDA:59,8,2,38
BRDA:59,8,3,38
BRDA:74,9,0,38
BRDA:74,9,1,38
BRDA:74,9,2,19
BRDA:88,10,0,38
BRDA:88,10,1,38
BRDA:88,10,2,19
BRDA:102,11,0,38
BRDA:102,11,1,38
BRDA:102,11,2,19
BRF:24
BRH:17
end_of_record
TN:
SF:src/components/BrokersTab/BrokersTabContainer.js
FN:21,(anonymous_0)
FN:25,(anonymous_1)
FN:29,(anonymous_2)
FN:33,(anonymous_3)
FN:39,(anonymous_4)
FN:41,(anonymous_5)
FN:54,(anonymous_6)
FN:60,(anonymous_7)
FN:111,(anonymous_8)
FN:111,(anonymous_9)
FN:117,(anonymous_10)
FN:134,(anonymous_11)
FN:134,(anonymous_12)
FN:140,(anonymous_13)
FN:173,(anonymous_14)
FN:197,(anonymous_15)
FN:197,(anonymous_16)
FN:203,(anonymous_17)
FN:212,(anonymous_18)
FN:219,(anonymous_19)
FN:219,(anonymous_20)
FN:225,(anonymous_21)
FN:229,(anonymous_22)
FN:257,(anonymous_23)
FN:262,(anonymous_24)
FN:298,(anonymous_25)
FN:361,(anonymous_26)
FN:381,(anonymous_27)
FNF:28
FNH:24
FNDA:0,(anonymous_0)
FNDA:0,(anonymous_1)
FNDA:0,(anonymous_2)
FNDA:0,(anonymous_3)
FNDA:17,(anonymous_4)
FNDA:34,(anonymous_5)
FNDA:3,(anonymous_6)
FNDA:6,(anonymous_7)
FNDA:3,(anonymous_8)
FNDA:3,(anonymous_9)
FNDA:4,(anonymous_10)
FNDA:3,(anonymous_11)
FNDA:3,(anonymous_12)
FNDA:7,(anonymous_13)
FNDA:3,(anonymous_14)
FNDA:3,(anonymous_15)
FNDA:3,(anonymous_16)
FNDA:4,(anonymous_17)
FNDA:6,(anonymous_18)
FNDA:3,(anonymous_19)
FNDA:3,(anonymous_20)
FNDA:18,(anonymous_21)
FNDA:34,(anonymous_22)
FNDA:12,(anonymous_23)
FNDA:12,(anonymous_24)
FNDA:18,(anonymous_25)
FNDA:18,(anonymous_26)
FNDA:18,(anonymous_27)
DA:21,18
DA:22,0
DA:25,18
DA:26,0
DA:29,18
DA:30,0
DA:33,18
DA:34,0
DA:39,18
DA:40,17
DA:41,34
DA:43,0
DA:54,18
DA:55,3
DA:56,3
DA:60,18
DA:63,6
DA:64,1
DA:65,1
DA:66,5
DA:67,1
DA:68,1
DA:71,4
DA:74,1
DA:75,1
DA:78,3
DA:79,3
DA:80,3
DA:81,3
DA:82,3
DA:84,3
DA:85,3
DA:87,3
DA:88,3
DA:91,3
DA:92,3
DA:95,3
DA:96,2
DA:97,1
DA:98,1
DA:99,0
DA:100,0
DA:101,0
DA:102,0
DA:105,3
DA:108,3
DA:111,18
DA:112,3
DA:113,3
DA:114,3
DA:117,18
DA:118,4
DA:119,1
DA:120,1
DA:123,3
DA:124,3
DA:130,3
DA:131,3
DA:134,18
DA:135,3
DA:136,3
DA:137,3
DA:140,18
DA:141,7
DA:142,1
DA:143,1
DA:146,6
DA:147,6
DA:149,6
DA:150,3
DA:151,3
DA:154,3
DA:158,1
DA:159,1
DA:162,2
DA:163,0
DA:165,2
DA:167,2
DA:169,0
DA:173,18
DA:174,3
DA:175,3
DA:180,1
DA:181,1
DA:184,2
DA:185,0
DA:186,0
DA:188,2
DA:189,2
DA:191,2
DA:193,0
DA:197,18
DA:198,3
DA:199,3
DA:200,3
DA:203,18
DA:204,4
DA:205,1
DA:206,1
DA:209,3
DA:210,3
DA:212,6
DA:213,3
DA:219,18
DA:220,3
DA:221,3
DA:222,3
DA:225,18
DA:226,18
DA:227,18
DA:228,18
DA:229,34
DA:254,18
DA:257,18
DA:258,12
DA:259,12
DA:260,0
DA:262,12
DA:264,12
DA:265,0
DA:268,12
DA:270,3
DA:271,3
DA:273,0
DA:274,0
DA:276,3
DA:277,3
DA:279,3
DA:280,3
DA:282,3
DA:283,3
DA:285,0
DA:289,12
DA:299,18
DA:300,18
DA:334,3
DA:342,3
DA:361,3
DA:363,18
DA:381,18
LF:140
LH:121
BRDA:40,0,0,17
BRDA:40,0,1,0
BRDA:40,1,0,17
BRDA:40,1,1,17
BRDA:55,2,0,0
BRDA:55,2,1,3
BRDA:63,3,0,1
BRDA:63,3,1,5
BRDA:66,4,0,1
BRDA:66,4,1,4
BRDA:71,5,0,1
BRDA:71,5,1,3
BRDA:87,6,0,3
BRDA:87,6,1,0
BRDA:87,7,0,3
BRDA:87,7,1,3
BRDA:92,8,0,0
BRDA:92,8,1,3
BRDA:95,9,0,2
BRDA:95,9,1,1
BRDA:97,10,0,1
BRDA:97,10,1,0
BRDA:98,11,0,0
BRDA:98,11,1,1
BRDA:99,12,0,0
BRDA:99,12,1,0
BRDA:101,13,0,0
BRDA:101,13,1,0
BRDA:118,14,0,1
BRDA:118,14,1,3
BRDA:123,15,0,3
BRDA:123,15,1,0
BRDA:141,16,0,1
BRDA:141,16,1,6
BRDA:146,17,0,3
BRDA:146,17,1,3
BRDA:149,18,0,3
BRDA:149,18,1,3
BRDA:149,19,0,6
BRDA:149,19,1,3
BRDA:154,20,0,1
BRDA:154,20,1,1
BRDA:154,20,2,1
BRDA:154,20,3,2
BRDA:154,20,4,2
BRDA:154,20,5,0
BRDA:162,21,0,0
BRDA:162,21,1,2
BRDA:175,22,0,1
BRDA:175,22,1,1
BRDA:175,22,2,1
BRDA:175,22,3,1
BRDA:175,22,4,2
BRDA:175,22,5,2
BRDA:175,22,6,0
BRDA:184,23,0,0
BRDA:184,23,1,2
BRDA:204,24,0,1
BRDA:204,24,1,3
BRDA:212,25,0,3
BRDA:212,25,1,0
BRDA:227,26,0,18
BRDA:227,26,1,0
BRDA:229,27,0,34
BRDA:229,27,1,0
BRDA:259,28,0,0
BRDA:259,28,1,12
BRDA:264,29,0,0
BRDA:264,29,1,12
BRDA:268,30,0,3
BRDA:268,30,1,0
BRDA:268,30,2,3
BRDA:268,30,3,3
BRDA:268,30,4,3
BRDA:268,30,5,0
BRDA:301,31,0,18
BRDA:301,31,1,17
BRF:77
BRH:55
end_of_record
TN:
SF:src/components/BrokersTab/DraggableTabs.js
FN:9,(anonymous_0)
FN:23,(anonymous_1)
FN:38,(anonymous_2)
FN:49,(anonymous_3)
FN:56,(anonymous_4)
FN:64,(anonymous_5)
FN:68,(anonymous_6)
FN:82,(anonymous_7)
FN:84,(anonymous_8)
FN:96,(anonymous_9)
FN:101,(anonymous_10)
FN:105,(anonymous_11)
FNF:12
FNH:8
FNDA:278,(anonymous_0)
FNDA:0,(anonymous_1)
FNDA:0,(anonymous_2)
FNDA:556,(anonymous_3)
FNDA:556,(anonymous_4)
FNDA:0,(anonymous_5)
FNDA:0,(anonymous_6)
FNDA:41,(anonymous_7)
FNDA:278,(anonymous_8)
FNDA:20,(anonymous_9)
FNDA:40,(anonymous_10)
FNDA:20,(anonymous_11)
DA:14,278
DA:16,278
DA:22,5
DA:24,0
DA:25,0
DA:27,0
DA:28,0
DA:31,0
DA:33,0
DA:37,5
DA:39,0
DA:46,5
DA:49,556
DA:56,556
DA:64,20
DA:65,0
DA:66,0
DA:68,0
DA:69,0
DA:70,0
DA:74,0
DA:75,0
DA:77,0
DA:78,0
DA:79,0
DA:82,20
DA:83,41
DA:85,278
DA:97,20
DA:98,20
DA:100,20
DA:101,20
DA:102,40
DA:105,20
DA:106,20
DA:107,20
DA:109,20
DA:110,19
DA:112,1
DA:113,0
DA:115,1
DA:116,0
DA:119,1
DA:120,1
DA:122,1
DA:124,20
DA:125,20
DA:138,5
DA:144,5
LF:49
LH:30
BRDA:27,0,0,0
BRDA:27,0,1,0
BRDA:69,1,0,0
BRDA:69,1,1,0
BRDA:109,2,0,19
BRDA:109,2,1,1
BRDA:109,3,0,20
BRDA:109,3,1,19
BRDA:112,4,0,0
BRDA:112,4,1,1
BRDA:115,5,0,0
BRDA:115,5,1,1
BRF:12
BRH:6
end_of_record
TN:
SF:src/components/BrokersTab/DraggableTag.js
FN:20,(anonymous_0)
FN:30,(anonymous_1)
FN:36,(anonymous_2)
FN:43,(anonymous_3)
FN:49,(anonymous_4)
FN:59,(anonymous_5)
FN:63,(anonymous_6)
FN:67,(anonymous_7)
FN:74,(anonymous_8)
FN:85,(anonymous_9)
FN:90,(anonymous_10)
FN:102,(anonymous_11)
FN:108,(anonymous_12)
FN:109,(anonymous_13)
FN:121,(anonymous_14)
FN:132,(anonymous_15)
FN:133,(anonymous_16)
FN:149,(anonymous_17)
FN:150,(anonymous_18)
FNF:19
FNH:13
FNDA:293,(anonymous_0)
FNDA:586,(anonymous_1)
FNDA:0,(anonymous_2)
FNDA:586,(anonymous_3)
FNDA:0,(anonymous_4)
FNDA:293,(anonymous_5)
FNDA:0,(anonymous_6)
FNDA:0,(anonymous_7)
FNDA:253,(anonymous_8)
FNDA:180,(anonymous_9)
FNDA:200,(anonymous_10)
FNDA:293,(anonymous_11)
FNDA:3,(anonymous_12)
FNDA:5,(anonymous_13)
FNDA:5,(anonymous_14)
FNDA:9,(anonymous_15)
FNDA:24,(anonymous_16)
FNDA:0,(anonymous_17)
FNDA:0,(anonymous_18)
DA:12,5
DA:16,5
DA:20,5
DA:24,293
DA:26,293
DA:31,586
DA:34,586
DA:37,0
DA:41,293
DA:44,586
DA:47,586
DA:50,0
DA:51,0
DA:56,293
DA:57,293
DA:58,293
DA:59,293
DA:62,293
DA:63,0
DA:67,0
DA:74,293
DA:75,253
DA:76,49
DA:84,204
DA:85,180
DA:86,20
DA:87,0
DA:89,184
DA:90,200
DA:91,56
DA:92,56
DA:96,148
DA:102,293
DA:103,293
DA:104,20
DA:108,3
DA:109,5
DA:118,273
DA:119,40
DA:121,5
DA:129,233
DA:132,9
DA:133,24
DA:141,293
DA:148,5
DA:154,5
LF:46
LH:40
BRDA:45,0,0,586
BRDA:45,0,1,0
BRDA:50,1,0,0
BRDA:50,1,1,0
BRDA:50,2,0,0
BRDA:50,2,1,0
BRDA:58,3,0,0
BRDA:58,3,1,293
BRDA:58,4,0,293
BRDA:58,4,1,0
BRDA:75,5,0,49
BRDA:75,5,1,204
BRDA:84,6,0,20
BRDA:84,6,1,184
BRDA:86,7,0,0
BRDA:86,7,1,20
BRDA:86,8,0,20
BRDA:86,8,1,0
BRDA:89,9,0,56
BRDA:89,9,1,128
BRDA:89,10,0,184
BRDA:89,10,1,56
BRDA:91,11,0,56
BRDA:91,11,1,0
BRDA:91,12,0,56
BRDA:91,12,1,56
BRDA:103,13,0,20
BRDA:103,13,1,273
BRDA:103,14,0,293
BRDA:103,14,1,59
BRDA:118,15,0,40
BRDA:118,15,1,233
BRDA:122,16,0,0
BRDA:122,16,1,40
BRF:34
BRH:23
end_of_record
TN:
SF:src/components/BrokersTab/FavoritesContainer.js
FN:17,(anonymous_0)
FN:24,(anonymous_1)
FN:31,(anonymous_2)
FN:37,(anonymous_3)
FN:53,(anonymous_4)
FN:60,(anonymous_5)
FN:75,(anonymous_6)
FN:82,(anonymous_7)
FN:88,(anonymous_8)
FN:92,(anonymous_9)
FN:96,(anonymous_10)
FN:106,(anonymous_11)
FN:107,(anonymous_12)
FN:136,(anonymous_13)
FN:139,(anonymous_14)
FN:165,(anonymous_15)
FN:173,(anonymous_16)
FN:178,(anonymous_17)
FN:200,(anonymous_18)
FNF:19
FNH:12
FNDA:95,(anonymous_0)
FNDA:0,(anonymous_1)
FNDA:95,(anonymous_2)
FNDA:95,(anonymous_3)
FNDA:0,(anonymous_4)
FNDA:0,(anonymous_5)
FNDA:0,(anonymous_6)
FNDA:0,(anonymous_7)
FNDA:0,(anonymous_8)
FNDA:0,(anonymous_9)
FNDA:302,(anonymous_10)
FNDA:95,(anonymous_11)
FNDA:285,(anonymous_12)
FNDA:95,(anonymous_13)
FNDA:283,(anonymous_14)
FNDA:283,(anonymous_15)
FNDA:95,(anonymous_16)
FNDA:95,(anonymous_17)
FNDA:95,(anonymous_18)
DA:18,95
DA:19,95
DA:20,95
DA:25,0
DA:27,0
DA:32,95
DA:33,0
DA:37,95
DA:38,95
DA:39,95
DA:40,95
DA:41,283
DA:42,283
DA:44,283
DA:45,283
DA:47,95
DA:53,95
DA:54,0
DA:55,0
DA:56,0
DA:57,0
DA:60,95
DA:61,0
DA:62,0
DA:63,0
DA:64,0
DA:65,0
DA:66,0
DA:67,0
DA:75,95
DA:76,0
DA:77,0
DA:78,0
DA:82,95
DA:83,0
DA:88,95
DA:89,0
DA:92,95
DA:93,0
DA:96,95
DA:97,302
DA:98,76
DA:99,76
DA:103,226
DA:106,95
DA:107,285
DA:108,95
DA:109,95
DA:111,19
DA:112,19
DA:114,19
DA:115,19
DA:117,19
DA:118,19
DA:120,19
DA:121,19
DA:123,19
DA:124,19
DA:126,0
DA:127,0
DA:129,95
DA:137,95
DA:139,95
DA:140,283
DA:160,95
DA:165,283
DA:174,95
DA:178,95
DA:182,4
DA:187,4
DA:200,95
LF:71
LH:49
BRDA:19,0,0,95
BRDA:19,0,1,0
BRDA:25,1,0,0
BRDA:25,1,1,0
BRDA:32,2,0,0
BRDA:32,2,1,95
BRDA:42,3,0,283
BRDA:42,3,1,0
BRDA:66,4,0,0
BRDA:66,4,1,0
BRDA:77,5,0,0
BRDA:77,5,1,0
BRDA:97,6,0,76
BRDA:97,6,1,226
BRDA:97,7,0,302
BRDA:97,7,1,302
BRDA:98,8,0,76
BRDA:98,8,1,0
BRDA:98,9,0,76
BRDA:98,9,1,38
BRDA:107,10,0,0
BRDA:109,11,0,19
BRDA:109,11,1,19
BRDA:109,11,2,19
BRDA:109,11,3,19
BRDA:109,11,4,19
BRDA:109,11,5,0
BRDA:163,12,0,95
BRDA:163,12,1,95
BRDA:163,12,2,95
BRDA:165,13,0,95
BRDA:165,13,1,95
BRF:32
BRH:20
end_of_record
TN:
SF:src/components/BrokersTab/FavouritesColourModal.js
FN:11,(anonymous_0)
FN:23,(anonymous_1)
FN:29,(anonymous_2)
FN:45,(anonymous_3)
FN:49,(anonymous_4)
FN:62,(anonymous_5)
FN:68,(anonymous_6)
FNF:7
FNH:7
FNDA:1,(anonymous_0)
FNDA:1,(anonymous_1)
FNDA:19,(anonymous_2)
FNDA:171,(anonymous_3)
FNDA:1,(anonymous_4)
FNDA:19,(anonymous_5)
FNDA:19,(anonymous_6)
DA:11,19
DA:12,1
DA:17,1
DA:20,1
DA:23,19
DA:24,1
DA:25,1
DA:30,19
DA:46,171
DA:49,1
DA:62,19
DA:68,19
DA:73,4
DA:77,4
LF:14
LH:14
BRDA:24,0,0,1
BRDA:24,0,1,0
BRF:2
BRH:1
end_of_record
TN:
SF:src/components/BrokersTab/FavouritesRenameModal.js
FN:12,(anonymous_0)
FN:19,(anonymous_1)
FN:34,(anonymous_2)
FN:39,(anonymous_3)
FN:45,(anonymous_4)
FN:68,(anonymous_5)
FN:78,(anonymous_6)
FN:91,(anonymous_7)
FNF:8
FNH:8
FNDA:3,(anonymous_0)
FNDA:4,(anonymous_1)
FNDA:3,(anonymous_2)
FNDA:1,(anonymous_3)
FNDA:23,(anonymous_4)
FNDA:1,(anonymous_5)
FNDA:20,(anonymous_6)
FNDA:20,(anonymous_7)
DA:12,20
DA:13,3
DA:14,3
DA:19,20
DA:20,4
DA:21,1
DA:22,3
DA:23,1
DA:25,2
DA:26,2
DA:27,2
DA:30,2
DA:34,20
DA:35,3
DA:36,3
DA:39,20
DA:40,1
DA:41,1
DA:46,23
DA:68,1
DA:78,20
DA:84,4
DA:91,20
LF:23
LH:23
BRDA:20,0,0,1
BRDA:20,0,1,3
BRDA:22,1,0,1
BRDA:22,1,1,2
BRDA:22,2,0,3
BRDA:22,2,1,2
BRDA:40,3,0,1
BRDA:40,3,1,0
BRDA:65,4,0,23
BRDA:65,4,1,0
BRF:10
BRH:8
end_of_record
TN:
SF:src/components/CLS/CLS.js
FN:13,(anonymous_0)
FN:19,(anonymous_1)
FN:25,(anonymous_2)
FNF:3
FNH:3
FNDA:6,(anonymous_0)
FNDA:5,(anonymous_1)
FNDA:1,(anonymous_2)
DA:13,5
DA:16,6
DA:17,6
DA:19,6
DA:20,5
DA:21,5
DA:25,6
DA:26,1
DA:27,1
DA:28,1
DA:29,1
DA:33,6
DA:63,5
DA:67,5
LF:14
LH:14
BRDA:20,0,0,5
BRDA:20,0,1,0
BRDA:28,1,0,1
BRDA:28,1,1,0
BRDA:28,2,0,1
BRDA:28,2,1,1
BRDA:35,3,0,6
BRDA:35,3,1,6
BRDA:54,4,0,6
BRDA:54,4,1,0
BRF:10
BRH:7
end_of_record
TN:
SF:src/components/CounterParties/CounterPartiesContainer.js
FN:29,(anonymous_0)
FN:48,(anonymous_1)
FN:53,(anonymous_2)
FN:64,(anonymous_3)
FN:78,(anonymous_4)
FN:96,(anonymous_5)
FN:108,(anonymous_6)
FN:118,(anonymous_7)
FN:134,(anonymous_8)
FN:143,(anonymous_9)
FN:146,(anonymous_10)
FN:155,(anonymous_11)
FN:158,(anonymous_12)
FN:170,(anonymous_13)
FN:173,(anonymous_14)
FN:192,(anonymous_15)
FN:202,(anonymous_16)
FN:207,(anonymous_17)
FN:223,(anonymous_18)
FN:240,(anonymous_19)
FN:242,(anonymous_20)
FN:244,(anonymous_21)
FN:245,(anonymous_22)
FN:252,(anonymous_23)
FN:253,(anonymous_24)
FN:260,(anonymous_25)
FN:261,(anonymous_26)
FN:269,(anonymous_27)
FN:275,(anonymous_28)
FN:280,(anonymous_29)
FN:288,(anonymous_30)
FN:295,(anonymous_31)
FN:300,(anonymous_32)
FN:301,(anonymous_33)
FN:305,(anonymous_34)
FN:316,(anonymous_35)
FN:319,(anonymous_36)
FN:326,(anonymous_37)
FN:328,(anonymous_38)
FN:331,(anonymous_39)
FN:341,(anonymous_40)
FN:344,(anonymous_41)
FN:393,(anonymous_42)
FN:396,(anonymous_43)
FN:407,(anonymous_44)
FN:422,(anonymous_45)
FN:423,sortFunction
FN:438,(anonymous_47)
FN:444,(anonymous_48)
FN:445,(anonymous_49)
FN:447,(anonymous_50)
FN:453,(anonymous_51)
FN:472,(anonymous_52)
FN:476,(anonymous_53)
FN:476,(anonymous_54)
FN:479,(anonymous_55)
FN:495,(anonymous_56)
FN:517,(anonymous_57)
FN:517,(anonymous_58)
FN:547,(anonymous_59)
FN:553,(anonymous_60)
FN:564,(anonymous_61)
FN:606,(anonymous_62)
FN:630,(anonymous_63)
FN:636,(anonymous_64)
FN:664,(anonymous_65)
FN:665,(anonymous_66)
FN:700,(anonymous_67)
FN:724,(anonymous_68)
FN:771,(anonymous_69)
FN:781,(anonymous_70)
FN:787,(anonymous_71)
FN:812,(anonymous_72)
FN:820,(anonymous_73)
FNF:74
FNH:65
FNDA:29,(anonymous_0)
FNDA:564,(anonymous_1)
FNDA:4,(anonymous_2)
FNDA:564,(anonymous_3)
FNDA:16,(anonymous_4)
FNDA:564,(anonymous_5)
FNDA:8,(anonymous_6)
FNDA:564,(anonymous_7)
FNDA:4,(anonymous_8)
FNDA:16,(anonymous_9)
FNDA:4,(anonymous_10)
FNDA:0,(anonymous_11)
FNDA:0,(anonymous_12)
FNDA:88,(anonymous_13)
FNDA:4,(anonymous_14)
FNDA:1,(anonymous_15)
FNDA:564,(anonymous_16)
FNDA:8,(anonymous_17)
FNDA:544,(anonymous_18)
FNDA:162,(anonymous_19)
FNDA:27,(anonymous_20)
FNDA:22,(anonymous_21)
FNDA:22,(anonymous_22)
FNDA:22,(anonymous_23)
FNDA:22,(anonymous_24)
FNDA:22,(anonymous_25)
FNDA:22,(anonymous_26)
FNDA:93,(anonymous_27)
FNDA:22,(anonymous_28)
FNDA:22,(anonymous_29)
FNDA:22,(anonymous_30)
FNDA:4,(anonymous_31)
FNDA:4,(anonymous_32)
FNDA:4,(anonymous_33)
FNDA:8,(anonymous_34)
FNDA:121,(anonymous_35)
FNDA:472,(anonymous_36)
FNDA:380,(anonymous_37)
FNDA:92,(anonymous_38)
FNDA:472,(anonymous_39)
FNDA:1,(anonymous_40)
FNDA:4,(anonymous_41)
FNDA:22,(anonymous_42)
FNDA:22,(anonymous_43)
FNDA:22,(anonymous_44)
FNDA:22,(anonymous_45)
FNDA:0,sortFunction
FNDA:22,(anonymous_47)
FNDA:22,(anonymous_48)
FNDA:22,(anonymous_49)
FNDA:0,(anonymous_50)
FNDA:0,(anonymous_51)
FNDA:4,(anonymous_52)
FNDA:0,(anonymous_53)
FNDA:0,(anonymous_54)
FNDA:8,(anonymous_55)
FNDA:0,(anonymous_56)
FNDA:596,(anonymous_57)
FNDA:40,(anonymous_58)
FNDA:1200,(anonymous_59)
FNDA:27,(anonymous_60)
FNDA:16,(anonymous_61)
FNDA:8,(anonymous_62)
FNDA:564,(anonymous_63)
FNDA:4,(anonymous_64)
FNDA:544,(anonymous_65)
FNDA:544,(anonymous_66)
FNDA:544,(anonymous_67)
FNDA:544,(anonymous_68)
FNDA:0,(anonymous_69)
FNDA:18,(anonymous_70)
FNDA:120,(anonymous_71)
FNDA:27,(anonymous_72)
FNDA:27,(anonymous_73)
DA:30,29
DA:32,27
DA:44,27
DA:49,564
DA:53,4
DA:65,564
DA:78,16
DA:97,564
DA:108,8
DA:119,564
DA:134,4
DA:144,16
DA:146,4
DA:155,0
DA:158,0
DA:170,88
DA:173,4
DA:192,1
DA:203,564
DA:207,8
DA:224,544
DA:240,162
DA:242,27
DA:243,27
DA:245,22
DA:251,27
DA:253,22
DA:259,27
DA:261,22
DA:265,22
DA:270,93
DA:271,0
DA:275,27
DA:276,22
DA:277,22
DA:278,22
DA:280,22
DA:281,22
DA:282,4
DA:284,18
DA:288,22
DA:295,27
DA:296,4
DA:297,4
DA:300,27
DA:301,4
DA:302,4
DA:305,27
DA:306,8
DA:307,8
DA:309,8
DA:310,4
DA:312,4
DA:316,27
DA:317,121
DA:318,121
DA:319,472
DA:325,121
DA:326,380
DA:328,92
DA:331,27
DA:332,472
DA:333,460
DA:334,460
DA:335,460
DA:336,460
DA:338,12
DA:341,27
DA:342,1
DA:343,1
DA:344,1
DA:345,4
DA:348,1
DA:349,1
DA:350,1
DA:351,1
DA:352,1
DA:353,1
DA:355,1
DA:364,1
DA:365,1
DA:366,1
DA:367,1
DA:368,1
DA:370,0
DA:373,1
DA:374,1
DA:375,1
DA:376,1
DA:377,1
DA:379,0
DA:382,1
DA:383,1
DA:384,1
DA:386,1
DA:393,27
DA:394,22
DA:395,22
DA:396,22
DA:397,22
DA:402,22
DA:403,22
DA:407,22
DA:408,22
DA:416,22
DA:419,22
DA:422,27
DA:424,0
DA:425,0
DA:426,0
DA:427,0
DA:429,0
DA:430,0
DA:432,0
DA:435,22
DA:436,22
DA:438,22
DA:439,22
DA:441,22
DA:444,27
DA:445,22
DA:446,22
DA:447,22
DA:448,22
DA:449,0
DA:453,0
DA:454,0
DA:457,22
DA:466,22
DA:469,22
DA:472,27
DA:473,4
DA:476,27
DA:479,27
DA:480,8
DA:481,8
DA:482,8
DA:483,8
DA:484,8
DA:485,0
DA:486,8
DA:487,0
DA:488,8
DA:489,0
DA:490,8
DA:491,0
DA:492,8
DA:493,4
DA:494,4
DA:495,4
DA:497,0
DA:498,4
DA:499,4
DA:500,4
DA:501,4
DA:502,4
DA:503,4
DA:505,4
DA:506,4
DA:507,4
DA:510,8
DA:511,8
DA:513,0
DA:517,596
DA:518,40
DA:520,40
DA:521,0
DA:524,40
DA:525,20
DA:526,16
DA:532,4
DA:539,20
DA:540,4
DA:542,16
DA:544,20
DA:547,27
DA:548,1200
DA:553,27
DA:554,27
DA:555,26
DA:556,26
DA:558,26
DA:559,22
DA:564,27
DA:565,16
DA:566,16
DA:567,16
DA:569,16
DA:570,16
DA:571,4
DA:574,16
DA:575,0
DA:576,0
DA:579,16
DA:580,16
DA:581,16
DA:583,16
DA:585,16
DA:587,4
DA:588,4
DA:589,4
DA:591,4
DA:592,4
DA:593,4
DA:595,4
DA:596,4
DA:597,4
DA:599,4
DA:600,4
DA:601,4
DA:606,27
DA:607,8
DA:608,8
DA:609,8
DA:611,8
DA:613,2
DA:614,2
DA:617,2
DA:618,2
DA:620,2
DA:621,2
DA:623,2
DA:624,2
DA:626,0
DA:630,27
DA:631,564
DA:632,564
DA:633,564
DA:636,27
DA:637,4
DA:638,4
DA:642,4
DA:645,4
DA:647,4
DA:649,1
DA:650,1
DA:652,1
DA:653,1
DA:655,1
DA:657,1
DA:658,1
DA:660,1
DA:664,27
DA:665,544
DA:666,544
DA:672,544
DA:674,544
DA:676,544
DA:679,544
DA:682,544
DA:686,0
DA:689,544
DA:700,544
DA:701,544
DA:705,544
DA:707,544
DA:708,544
DA:710,0
DA:713,544
DA:724,544
DA:725,544
DA:732,544
DA:734,544
DA:735,544
DA:738,544
DA:741,544
DA:745,0
DA:748,544
DA:759,544
DA:760,544
DA:761,544
DA:762,544
DA:763,544
DA:765,544
DA:766,544
DA:767,544
DA:770,544
DA:771,0
DA:778,0
DA:781,27
DA:782,18
DA:788,120
DA:794,5
DA:812,27
DA:820,5
DA:822,27
LF:286
LH:256
BRDA:75,0,0,196
BRDA:75,0,1,368
BRDA:83,1,0,564
BRDA:83,1,1,560
BRDA:83,1,2,544
BRDA:105,2,0,284
BRDA:105,2,1,280
BRDA:129,3,0,372
BRDA:129,3,1,192
BRDA:138,4,0,16
BRDA:138,4,1,548
BRDA:138,5,0,564
BRDA:138,5,1,564
BRDA:154,6,0,16
BRDA:154,6,1,16
BRDA:155,7,0,0
BRDA:155,7,1,0
BRDA:169,8,0,548
BRDA:169,8,1,548
BRDA:170,9,0,88
BRDA:170,9,1,88
BRDA:211,10,0,22
BRDA:211,10,1,5
BRDA:270,11,0,0
BRDA:270,11,1,93
BRDA:281,12,0,4
BRDA:281,12,1,18
BRDA:281,13,0,22
BRDA:281,13,1,4
BRDA:295,14,0,0
BRDA:300,15,0,0
BRDA:307,16,0,8
BRDA:307,16,1,4
BRDA:309,17,0,4
BRDA:309,17,1,4
BRDA:309,18,0,8
BRDA:309,18,1,8
BRDA:325,19,0,95
BRDA:325,19,1,26
BRDA:325,20,0,121
BRDA:325,20,1,95
BRDA:332,21,0,460
BRDA:332,21,1,12
BRDA:334,22,0,380
BRDA:334,22,1,80
BRDA:335,23,0,380
BRDA:335,23,1,80
BRDA:336,24,0,230
BRDA:336,24,1,230
BRDA:336,25,0,460
BRDA:336,25,1,345
BRDA:338,26,0,6
BRDA:338,26,1,6
BRDA:338,27,0,12
BRDA:338,27,1,6
BRDA:364,28,0,1
BRDA:364,28,1,0
BRDA:373,29,0,1
BRDA:373,29,1,0
BRDA:382,30,0,1
BRDA:382,30,1,0
BRDA:382,31,0,1
BRDA:382,31,1,0
BRDA:395,32,0,22
BRDA:395,32,1,0
BRDA:395,33,0,22
BRDA:395,33,1,22
BRDA:395,33,2,22
BRDA:402,34,0,22
BRDA:402,34,1,0
BRDA:402,35,0,22
BRDA:402,35,1,22
BRDA:402,35,2,22
BRDA:426,36,0,0
BRDA:426,36,1,0
BRDA:429,37,0,0
BRDA:429,37,1,0
BRDA:448,38,0,0
BRDA:448,38,1,22
BRDA:453,39,0,0
BRDA:453,39,1,0
BRDA:484,40,0,0
BRDA:484,40,1,8
BRDA:484,41,0,8
BRDA:484,41,1,8
BRDA:486,42,0,0
BRDA:486,42,1,8
BRDA:486,43,0,8
BRDA:486,43,1,0
BRDA:488,44,0,0
BRDA:488,44,1,8
BRDA:488,45,0,8
BRDA:488,45,1,8
BRDA:488,45,2,4
BRDA:490,46,0,0
BRDA:490,46,1,8
BRDA:490,47,0,8
BRDA:490,47,1,8
BRDA:490,47,2,4
BRDA:492,48,0,4
BRDA:492,48,1,4
BRDA:492,49,0,8
BRDA:492,49,1,8
BRDA:492,49,2,8
BRDA:494,50,0,4
BRDA:494,50,1,0
BRDA:497,51,0,0
BRDA:497,51,1,0
BRDA:498,52,0,0
BRDA:498,52,1,4
BRDA:499,53,0,4
BRDA:499,53,1,0
BRDA:499,54,0,4
BRDA:499,54,1,4
BRDA:505,55,0,0
BRDA:505,56,0,0
BRDA:505,57,0,4
BRDA:505,57,1,0
BRDA:506,58,0,4
BRDA:506,58,1,4
BRDA:507,59,0,0
BRDA:507,59,1,4
BRDA:510,60,0,8
BRDA:510,60,1,0
BRDA:520,61,0,0
BRDA:520,61,1,40
BRDA:524,62,0,20
BRDA:524,62,1,20
BRDA:525,63,0,16
BRDA:525,63,1,4
BRDA:539,64,0,4
BRDA:539,64,1,16
BRDA:539,65,0,20
BRDA:539,65,1,4
BRDA:554,66,0,26
BRDA:554,66,1,1
BRDA:558,67,0,22
BRDA:558,67,1,4
BRDA:569,68,0,16
BRDA:569,68,1,16
BRDA:570,69,0,4
BRDA:570,69,1,12
BRDA:574,70,0,0
BRDA:574,70,1,16
BRDA:585,71,0,4
BRDA:585,71,1,4
BRDA:585,71,2,4
BRDA:585,71,3,4
BRDA:585,71,4,0
BRDA:608,72,0,8
BRDA:608,72,1,8
BRDA:611,73,0,2
BRDA:611,73,1,2
BRDA:611,73,2,2
BRDA:611,73,3,2
BRDA:611,73,4,0
BRDA:613,74,0,1
BRDA:613,74,1,1
BRDA:617,75,0,1
BRDA:617,75,1,1
BRDA:617,76,0,1
BRDA:617,76,1,0
BRDA:620,77,0,1
BRDA:620,77,1,1
BRDA:623,78,0,1
BRDA:623,78,1,1
BRDA:632,79,0,564
BRDA:632,79,1,560
BRDA:632,79,2,544
BRDA:647,80,0,1
BRDA:647,80,1,1
BRDA:647,80,2,1
BRDA:647,80,3,1
BRDA:652,81,0,1
BRDA:652,81,1,0
BRDA:674,82,0,544
BRDA:674,82,1,0
BRDA:674,83,0,544
BRDA:674,83,1,0
BRDA:674,83,2,0
BRDA:674,83,3,0
BRDA:677,84,0,544
BRDA:677,84,1,0
BRDA:680,85,0,544
BRDA:680,85,1,0
BRDA:680,86,0,544
BRDA:680,86,1,544
BRDA:683,87,0,544
BRDA:683,87,1,0
BRDA:683,88,0,544
BRDA:683,88,1,544
BRDA:707,89,0,544
BRDA:707,89,1,0
BRDA:708,90,0,544
BRDA:708,90,1,0
BRDA:734,91,0,544
BRDA:734,91,1,0
BRDA:734,92,0,544
BRDA:734,92,1,0
BRDA:734,92,2,0
BRDA:736,93,0,544
BRDA:736,93,1,0
BRDA:739,94,0,544
BRDA:739,94,1,0
BRDA:739,95,0,544
BRDA:739,95,1,544
BRDA:742,96,0,544
BRDA:742,96,1,0
BRDA:742,97,0,544
BRDA:742,97,1,544
BRDA:760,98,0,544
BRDA:760,98,1,0
BRDA:760,99,0,544
BRDA:760,99,1,544
BRDA:765,100,0,544
BRDA:765,100,1,0
BRDA:765,101,0,544
BRDA:765,101,1,544
BRF:218
BRH:162
end_of_record
TN:
SF:src/components/CurrencyOverride/CurrencyOverrideContainer.js
FN:21,(anonymous_0)
FN:33,(anonymous_1)
FN:35,(anonymous_2)
FN:36,(anonymous_3)
FN:40,(anonymous_4)
FN:48,(anonymous_5)
FN:52,(anonymous_6)
FN:56,(anonymous_7)
FN:64,(anonymous_8)
FN:72,(anonymous_9)
FN:79,(anonymous_10)
FN:81,(anonymous_11)
FN:85,(anonymous_12)
FN:87,(anonymous_13)
FN:91,(anonymous_14)
FN:93,(anonymous_15)
FN:101,(anonymous_16)
FN:107,(anonymous_17)
FN:113,(anonymous_18)
FN:123,(anonymous_19)
FNF:20
FNH:0
FNDA:0,(anonymous_0)
FNDA:0,(anonymous_1)
FNDA:0,(anonymous_2)
FNDA:0,(anonymous_3)
FNDA:0,(anonymous_4)
FNDA:0,(anonymous_5)
FNDA:0,(anonymous_6)
FNDA:0,(anonymous_7)
FNDA:0,(anonymous_8)
FNDA:0,(anonymous_9)
FNDA:0,(anonymous_10)
FNDA:0,(anonymous_11)
FNDA:0,(anonymous_12)
FNDA:0,(anonymous_13)
FNDA:0,(anonymous_14)
FNDA:0,(anonymous_15)
FNDA:0,(anonymous_16)
FNDA:0,(anonymous_17)
FNDA:0,(anonymous_18)
FNDA:0,(anonymous_19)
DA:21,2
DA:22,0
DA:23,0
DA:24,0
DA:25,0
DA:26,0
DA:27,0
DA:28,0
DA:29,0
DA:30,0
DA:31,0
DA:33,0
DA:35,0
DA:36,0
DA:37,0
DA:38,0
DA:39,0
DA:40,0
DA:41,0
DA:42,0
DA:43,0
DA:48,0
DA:49,0
DA:52,0
DA:53,0
DA:56,0
DA:57,0
DA:58,0
DA:59,0
DA:60,0
DA:64,0
DA:65,0
DA:66,0
DA:67,0
DA:68,0
DA:69,0
DA:72,0
DA:73,0
DA:74,0
DA:75,0
DA:79,0
DA:80,0
DA:81,0
DA:82,0
DA:85,0
DA:87,0
DA:88,0
DA:91,0
DA:92,0
DA:93,0
DA:101,0
DA:102,0
DA:104,0
DA:105,0
DA:108,0
DA:109,0
DA:110,0
DA:111,0
DA:114,0
DA:118,0
DA:119,0
DA:123,0
DA:124,0
DA:125,0
DA:126,0
DA:127,0
DA:128,0
DA:129,0
DA:131,0
DA:132,0
DA:137,0
DA:138,0
DA:139,0
DA:140,0
DA:141,0
DA:143,0
DA:144,0
DA:149,0
DA:199,2
LF:79
LH:2
BRDA:33,0,0,0
BRDA:33,0,1,0
BRDA:57,1,0,0
BRDA:57,1,1,0
BRDA:57,2,0,0
BRDA:57,2,1,0
BRDA:57,2,2,0
BRDA:73,3,0,0
BRDA:73,3,1,0
BRDA:104,4,0,0
BRDA:104,4,1,0
BRDA:124,5,0,0
BRDA:124,5,1,0
BRDA:131,6,0,0
BRDA:131,6,1,0
BRF:15
BRH:0
end_of_record
TN:
SF:src/components/CurrencyOverride/CurrencyPairsEditor.js
FN:13,(anonymous_0)
FN:16,(anonymous_1)
FN:26,(anonymous_2)
FN:32,(anonymous_3)
FN:36,(anonymous_4)
FN:55,(anonymous_5)
FNF:6
FNH:0
FNDA:0,(anonymous_0)
FNDA:0,(anonymous_1)
FNDA:0,(anonymous_2)
FNDA:0,(anonymous_3)
FNDA:0,(anonymous_4)
FNDA:0,(anonymous_5)
DA:13,2
DA:14,0
DA:16,0
DA:17,0
DA:18,0
DA:19,0
DA:21,0
DA:26,0
DA:27,0
DA:28,0
DA:32,0
DA:33,0
DA:36,0
DA:37,0
DA:40,0
DA:55,0
DA:72,0
DA:79,2
LF:18
LH:2
BRDA:17,0,0,0
BRDA:17,0,1,0
BRDA:18,1,0,0
BRDA:18,1,1,0
BRDA:27,2,0,0
BRDA:27,2,1,0
BRDA:55,3,0,0
BRDA:55,3,1,0
BRF:8
BRH:0
end_of_record
TN:
SF:src/components/CurrencyOverride/renderers/CLSRenderer.js
FN:3,(anonymous_0)
FN:11,(anonymous_1)
FNF:2
FNH:0
FNDA:0,(anonymous_0)
FNDA:0,(anonymous_1)
DA:3,2
DA:4,0
DA:6,0
DA:12,0
DA:17,0
DA:20,2
LF:6
LH:2
BRF:0
BRH:0
end_of_record
TN:
SF:src/components/CurrencyPair/CurrencyPair.js
FN:7,(anonymous_0)
FN:23,(anonymous_1)
FN:36,(anonymous_2)
FN:47,(anonymous_3)
FN:60,(anonymous_4)
FNF:5
FNH:5
FNDA:36,(anonymous_0)
FNDA:2,(anonymous_1)
FNDA:58,(anonymous_2)
FNDA:33,(anonymous_3)
FNDA:32,(anonymous_4)
DA:7,9
DA:12,36
DA:23,2
DA:36,58
DA:47,33
DA:60,32
DA:67,9
DA:83,9
LF:8
LH:8
BRDA:35,0,0,36
BRDA:35,0,1,36
BRDA:46,1,0,36
BRDA:46,1,1,36
BRDA:59,2,0,36
BRDA:59,2,1,36
BRF:6
BRH:6
end_of_record
TN:
SF:src/components/CurrencyPair/CurrencyPairContainer.js
FN:18,(anonymous_0)
FN:23,(anonymous_1)
FN:25,(anonymous_2)
FN:31,(anonymous_3)
FN:40,(anonymous_4)
FN:55,(anonymous_5)
FN:66,(anonymous_6)
FN:76,(anonymous_7)
FN:87,(anonymous_8)
FN:106,(anonymous_9)
FN:118,(anonymous_10)
FN:132,(anonymous_11)
FN:137,(anonymous_12)
FN:140,(anonymous_13)
FN:145,(anonymous_14)
FN:150,(anonymous_15)
FN:150,(anonymous_16)
FN:156,(anonymous_17)
FN:198,(anonymous_18)
FN:199,(anonymous_19)
FN:202,(anonymous_20)
FN:211,(anonymous_21)
FNF:22
FNH:18
FNDA:14,(anonymous_0)
FNDA:13,(anonymous_1)
FNDA:6,(anonymous_2)
FNDA:19,(anonymous_3)
FNDA:1,(anonymous_4)
FNDA:6,(anonymous_5)
FNDA:3,(anonymous_6)
FNDA:3,(anonymous_7)
FNDA:32,(anonymous_8)
FNDA:13,(anonymous_9)
FNDA:0,(anonymous_10)
FNDA:0,(anonymous_11)
FNDA:32,(anonymous_12)
FNDA:50,(anonymous_13)
FNDA:32,(anonymous_14)
FNDA:50,(anonymous_15)
FNDA:25,(anonymous_16)
FNDA:32,(anonymous_17)
FNDA:0,(anonymous_18)
FNDA:0,(anonymous_19)
FNDA:13,(anonymous_20)
FNDA:13,(anonymous_21)
DA:19,14
DA:20,13
DA:24,13
DA:25,7
DA:26,7
DA:27,7
DA:28,7
DA:32,19
DA:34,19
DA:36,19
DA:40,13
DA:41,1
DA:42,1
DA:43,1
DA:44,1
DA:45,1
DA:46,0
DA:50,1
DA:51,1
DA:55,13
DA:56,6
DA:57,4
DA:59,4
DA:60,4
DA:62,4
DA:66,13
DA:67,3
DA:68,3
DA:69,3
DA:70,3
DA:71,3
DA:72,3
DA:73,3
DA:76,13
DA:77,3
DA:78,3
DA:79,3
DA:80,3
DA:81,3
DA:82,3
DA:83,3
DA:84,3
DA:87,13
DA:90,32
DA:92,32
DA:93,0
DA:94,32
DA:95,32
DA:96,32
DA:97,32
DA:99,32
DA:106,13
DA:107,13
DA:108,13
DA:109,3
DA:110,3
DA:112,10
DA:113,10
DA:115,13
DA:118,13
DA:119,0
DA:120,0
DA:121,0
DA:123,0
DA:124,0
DA:127,0
DA:128,0
DA:131,0
DA:132,0
DA:133,0
DA:137,13
DA:138,32
DA:139,32
DA:140,50
DA:142,5
DA:145,13
DA:146,32
DA:147,32
DA:148,32
DA:149,32
DA:150,50
DA:153,5
DA:157,32
DA:179,8
DA:197,8
DA:202,13
DA:211,13
LF:87
LH:75
BRDA:27,0,0,7
BRDA:27,0,1,0
BRDA:34,1,0,19
BRDA:34,1,1,0
BRDA:34,2,0,19
BRDA:34,2,1,19
BRDA:45,3,0,0
BRDA:45,3,1,1
BRDA:45,4,0,1
BRDA:45,4,1,1
BRDA:50,5,0,1
BRDA:50,5,1,0
BRDA:50,6,0,1
BRDA:50,6,1,1
BRDA:56,7,0,4
BRDA:56,7,1,2
BRDA:56,8,0,6
BRDA:56,8,1,4
BRDA:59,9,0,4
BRDA:59,9,1,0
BRDA:60,10,0,4
BRDA:60,10,1,0
BRDA:92,11,0,0
BRDA:92,11,1,32
BRDA:92,12,0,32
BRDA:92,12,1,0
BRDA:94,13,0,32
BRDA:94,13,1,0
BRDA:94,14,0,32
BRDA:94,14,1,32
BRDA:94,14,2,1
BRDA:97,15,0,32
BRDA:97,16,0,32
BRDA:97,16,1,0
BRDA:108,17,0,3
BRDA:108,17,1,10
BRDA:119,18,0,0
BRDA:119,18,1,0
BRDA:123,19,0,0
BRDA:123,19,1,0
BRDA:123,20,0,0
BRDA:123,20,1,0
BRDA:127,21,0,0
BRDA:127,21,1,0
BRDA:127,22,0,0
BRDA:127,22,1,0
BRDA:139,23,0,27
BRDA:139,23,1,5
BRDA:146,24,0,32
BRDA:146,24,1,0
BRDA:149,25,0,27
BRDA:149,25,1,5
BRF:52
BRH:31
end_of_record
TN:
SF:src/components/Dates/FixingDate/FixingDate.js
FN:11,(anonymous_0)
FN:29,(anonymous_1)
FNF:2
FNH:1
FNDA:7,(anonymous_0)
FNDA:0,(anonymous_1)
DA:9,5
DA:11,5
DA:14,7
DA:16,7
DA:29,0
DA:38,5
DA:42,5
LF:7
LH:6
BRDA:25,0,0,7
BRDA:25,0,1,0
BRF:2
BRH:1
end_of_record
TN:
SF:src/components/Dates/PublishDate/PublishDate.js
FN:11,(anonymous_0)
FN:30,(anonymous_1)
FNF:2
FNH:1
FNDA:7,(anonymous_0)
FNDA:0,(anonymous_1)
DA:9,5
DA:11,5
DA:14,7
DA:16,7
DA:30,0
DA:38,5
DA:42,5
LF:7
LH:6
BRDA:25,0,0,7
BRDA:25,0,1,0
BRF:2
BRH:1
end_of_record
TN:
SF:src/components/Dates/ValueDate/ValueDate.js
FN:11,(anonymous_0)
FN:14,(anonymous_1)
FN:54,(anonymous_2)
FNF:3
FNH:3
FNDA:15,(anonymous_0)
FNDA:264,(anonymous_1)
FNDA:2,(anonymous_2)
DA:9,9
DA:11,9
DA:14,15
DA:16,264
DA:17,0
DA:18,0
DA:20,264
DA:23,15
DA:55,2
DA:56,2
DA:66,9
DA:71,9
LF:12
LH:10
BRDA:16,0,0,0
BRDA:16,0,1,264
BRDA:16,1,0,264
BRDA:16,1,1,0
BRDA:17,2,0,0
BRDA:17,2,1,0
BRDA:25,3,0,15
BRDA:25,3,1,13
BRDA:49,4,0,15
BRDA:49,4,1,0
BRDA:56,5,0,2
BRDA:56,5,1,0
BRDA:56,6,0,2
BRDA:56,6,1,0
BRF:14
BRH:7
end_of_record
TN:
SF:src/components/Dates/ValueDate/ValueDateContainer.js
FN:13,(anonymous_0)
FN:26,(anonymous_1)
FN:31,(anonymous_2)
FN:49,(anonymous_3)
FN:65,(anonymous_4)
FN:70,(anonymous_5)
FNF:6
FNH:5
FNDA:2,(anonymous_0)
FNDA:1,(anonymous_1)
FNDA:13,(anonymous_2)
FNDA:0,(anonymous_3)
FNDA:12,(anonymous_4)
FNDA:12,(anonymous_5)
DA:13,12
DA:14,2
DA:15,2
DA:16,2
DA:17,1
[...]
FN:41,(anonymous_25)
FN:46,(anonymous_26)
FN:51,(anonymous_27)
FN:56,(anonymous_28)
FN:61,(anonymous_29)
FN:66,(anonymous_30)
FN:67,(anonymous_31)
FN:72,(anonymous_32)
FN:73,(anonymous_33)
FN:78,(anonymous_34)
FN:79,(anonymous_35)
FN:80,(anonymous_36)
FN:81,(anonymous_37)
FN:82,(anonymous_38)
FN:83,(anonymous_39)
FN:84,(anonymous_40)
FN:90,(anonymous_41)
FN:91,(anonymous_42)
FN:92,(anonymous_43)
FN:97,(anonymous_44)
FN:98,(anonymous_45)
FN:99,(anonymous_46)
FN:104,(anonymous_47)
FN:106,(anonymous_48)
FN:107,(anonymous_49)
FN:108,(anonymous_50)
FN:112,(anonymous_51)
FN:114,(anonymous_52)
FN:118,(anonymous_53)
FN:119,(anonymous_54)
FN:120,(anonymous_55)
FNF:56
FNH:56
FNDA:137,(anonymous_0)
FNDA:3,(anonymous_1)
FNDA:1,(anonymous_2)
FNDA:114,(anonymous_3)
FNDA:87,(anonymous_4)
FNDA:41,(anonymous_5)
FNDA:34,(anonymous_6)
FNDA:19,(anonymous_7)
FNDA:3,(anonymous_8)
FNDA:16,(anonymous_9)
FNDA:404,(anonymous_10)
FNDA:12,(anonymous_11)
FNDA:23,(anonymous_12)
FNDA:36,(anonymous_13)
FNDA:16,(anonymous_14)
FNDA:61,(anonymous_15)
FNDA:39,(anonymous_16)
FNDA:6,(anonymous_17)
FNDA:1,(anonymous_18)
FNDA:1,(anonymous_19)
FNDA:1,(anonymous_20)
FNDA:3,(anonymous_21)
FNDA:3,(anonymous_22)
FNDA:139,(anonymous_23)
FNDA:47,(anonymous_24)
FNDA:49,(anonymous_25)
FNDA:1,(anonymous_26)
FNDA:1,(anonymous_27)
FNDA:1,(anonymous_28)
FNDA:27,(anonymous_29)
FNDA:52,(anonymous_30)
FNDA:44,(anonymous_31)
FNDA:44,(anonymous_32)
FNDA:41,(anonymous_33)
FNDA:35,(anonymous_34)
FNDA:3,(anonymous_35)
FNDA:3,(anonymous_36)
FNDA:7,(anonymous_37)
FNDA:3,(anonymous_38)
FNDA:3,(anonymous_39)
FNDA:13,(anonymous_40)
FNDA:8,(anonymous_41)
FNDA:2,(anonymous_42)
FNDA:4,(anonymous_43)
FNDA:18,(anonymous_44)
FNDA:11,(anonymous_45)
FNDA:6,(anonymous_46)
FNDA:7,(anonymous_47)
FNDA:153,(anonymous_48)
FNDA:123,(anonymous_49)
FNDA:71,(anonymous_50)
FNDA:1,(anonymous_51)
FNDA:71,(anonymous_52)
FNDA:1,(anonymous_53)
FNDA:47,(anonymous_54)
FNDA:71,(anonymous_55)
DA:4,137
DA:5,40
DA:6,40
DA:7,114
DA:8,87
DA:9,41
DA:10,40
DA:11,34
DA:12,33
DA:14,40
DA:15,40
DA:16,40
DA:21,404
DA:22,40
DA:23,40
DA:24,40
DA:25,40
DA:26,61
DA:27,40
DA:28,40
DA:30,40
DA:31,40
DA:32,40
DA:33,40
DA:34,40
DA:35,139
DA:36,47
DA:41,49
DA:46,40
DA:51,40
DA:56,40
DA:61,40
DA:66,52
DA:67,44
DA:72,44
DA:73,41
DA:78,40
DA:79,40
DA:80,40
DA:81,40
DA:82,40
DA:83,40
DA:84,40
DA:90,40
DA:91,40
DA:92,40
DA:97,40
DA:98,40
DA:99,40
DA:104,40
DA:106,153
DA:107,123
DA:108,71
DA:112,40
DA:114,71
DA:118,40
DA:119,47
DA:120,71
LF:58
LH:58
BRDA:4,0,0,137
BRDA:4,0,1,62
BRDA:5,1,0,3
BRDA:5,1,1,2
BRDA:6,2,0,1
BRDA:6,2,1,0
BRDA:7,3,0,114
BRDA:7,3,1,48
BRDA:8,4,0,87
BRDA:8,4,1,35
BRDA:9,5,0,41
BRDA:9,5,1,23
BRDA:11,6,0,32
BRDA:11,7,0,34
BRDA:11,7,1,0
BRDA:14,8,0,19
BRDA:14,8,1,12
BRDA:15,9,0,3
BRDA:15,9,1,1
BRDA:16,10,0,16
BRDA:16,10,1,11
BRDA:21,11,0,404
BRDA:21,11,1,220
BRDA:22,12,0,12
BRDA:22,12,1,11
BRDA:23,13,0,23
BRDA:23,13,1,22
BRDA:24,14,0,36
BRDA:24,14,1,33
BRDA:25,15,0,16
BRDA:25,15,1,15
BRDA:26,16,0,61
BRDA:26,16,1,14
BRDA:27,17,0,39
BRDA:27,17,1,10
BRDA:28,18,0,6
BRDA:28,18,1,1
BRDA:30,19,0,1
BRDA:30,19,1,0
BRDA:31,20,0,1
BRDA:31,20,1,0
BRDA:32,21,0,1
BRDA:32,21,1,0
BRDA:33,22,0,3
BRDA:33,22,1,2
BRDA:34,23,0,3
BRDA:34,23,1,2
BRDA:35,24,0,139
BRDA:35,24,1,138
BRDA:36,25,0,47
BRDA:36,25,1,45
BRDA:41,26,0,49
BRDA:41,26,1,48
BRDA:46,27,0,1
BRDA:46,27,1,0
BRDA:51,28,0,1
BRDA:51,28,1,0
BRDA:56,29,0,1
BRDA:56,29,1,0
BRDA:61,30,0,27
BRDA:61,30,1,0
BRDA:66,31,0,52
BRDA:66,31,1,47
BRDA:67,32,0,44
BRDA:67,32,1,43
BRDA:72,33,0,44
BRDA:72,33,1,41
BRDA:73,34,0,41
BRDA:73,34,1,40
BRDA:78,35,0,35
BRDA:78,35,1,13
BRDA:79,36,0,3
BRDA:79,36,1,1
BRDA:80,37,0,3
BRDA:80,37,1,2
BRDA:81,38,0,7
BRDA:81,38,1,3
BRDA:82,39,0,3
BRDA:82,39,1,1
BRDA:83,40,0,3
BRDA:83,40,1,2
BRDA:84,41,0,13
BRDA:84,41,1,5
BRDA:90,42,0,8
BRDA:90,42,1,2
BRDA:91,43,0,2
BRDA:91,43,1,0
BRDA:92,44,0,4
BRDA:92,44,1,3
BRDA:97,45,0,18
BRDA:97,45,1,5
BRDA:98,46,0,11
BRDA:98,46,1,6
BRDA:99,47,0,6
BRDA:99,47,1,3
BRDA:104,48,0,7
BRDA:104,48,1,5
BRDA:106,49,0,153
BRDA:106,49,1,139
BRDA:107,50,0,123
BRDA:107,50,1,116
BRDA:108,51,0,1
BRDA:108,51,1,69
BRDA:108,52,0,71
BRDA:108,52,1,1
BRDA:112,53,0,0
BRDA:112,53,1,0
BRDA:114,54,0,1
BRDA:114,54,1,69
BRDA:114,55,0,71
BRDA:114,55,1,1
BRDA:118,56,0,0
BRDA:118,56,1,0
BRDA:119,57,0,1
BRDA:119,57,1,45
BRDA:120,58,0,1
BRDA:120,58,1,69
BRF:117
BRH:103
end_of_record
TN:
SF:src/utils/validation.js
FN:15,(anonymous_0)
FN:29,(anonymous_1)
FN:33,(anonymous_2)
FN:34,(anonymous_3)
FN:39,(anonymous_4)
FN:60,(anonymous_5)
FN:61,(anonymous_6)
FN:63,(anonymous_7)
FN:68,(anonymous_8)
FN:75,(anonymous_9)
FN:103,(anonymous_10)
FN:108,(anonymous_11)
FN:116,(anonymous_12)
FNF:13
FNH:13
FNDA:30,(anonymous_0)
FNDA:48,(anonymous_1)
FNDA:2,(anonymous_2)
FNDA:16,(anonymous_3)
FNDA:6,(anonymous_4)
FNDA:6,(anonymous_5)
FNDA:110,(anonymous_6)
FNDA:14,(anonymous_7)
FNDA:2,(anonymous_8)
FNDA:6,(anonymous_9)
FNDA:6,(anonymous_10)
FNDA:35,(anonymous_11)
FNDA:52,(anonymous_12)
DA:4,18
DA:15,18
DA:16,30
DA:17,1
DA:18,1
DA:22,18
DA:29,18
DA:30,48
DA:33,18
DA:34,2
DA:35,16
DA:39,18
DA:40,6
DA:41,6
DA:42,6
DA:43,2
DA:46,6
DA:47,16
DA:48,16
DA:49,1
DA:50,1
DA:52,16
DA:53,1
DA:54,1
DA:57,6
DA:60,18
DA:61,6
DA:62,110
DA:63,14
DA:68,18
DA:69,2
DA:70,2
DA:71,2
DA:72,2
DA:75,18
DA:76,6
DA:77,2
DA:78,2
DA:79,2
DA:81,2
DA:82,2
DA:84,2
DA:85,2
DA:87,2
DA:88,2
DA:91,2
DA:92,1
DA:93,1
DA:94,1
DA:95,1
DA:96,1
DA:98,1
DA:100,5
DA:103,18
DA:104,6
DA:105,6
DA:106,6
DA:108,6
DA:109,35
DA:110,3
DA:112,32
DA:116,18
DA:117,52
DA:119,52
DA:120,51
DA:121,51
DA:122,1
DA:124,51
DA:125,51
DA:126,50
DA:127,50
DA:128,50
DA:129,50
DA:130,50
DA:131,3
DA:132,3
DA:133,47
DA:134,3
DA:135,3
DA:139,1
DA:143,51
LF:81
LH:81
BRDA:16,0,0,1
BRDA:16,0,1,29
BRDA:16,1,0,30
BRDA:16,1,1,30
BRDA:42,2,0,2
BRDA:42,2,1,4
BRDA:48,3,0,1
BRDA:48,3,1,15
BRDA:48,4,0,16
BRDA:48,4,1,14
BRDA:48,4,2,1
BRDA:52,5,0,1
BRDA:52,5,1,15
BRDA:52,6,0,16
BRDA:52,6,1,14
BRDA:52,6,2,13
BRDA:62,7,0,14
BRDA:62,7,1,96
BRDA:76,8,0,2
BRDA:76,8,1,4
BRDA:78,9,0,2
BRDA:78,9,1,0
BRDA:81,10,0,2
BRDA:81,10,1,0
BRDA:84,11,0,2
BRDA:84,11,1,0
BRDA:87,12,0,2
BRDA:87,12,1,0
BRDA:91,13,0,1
BRDA:91,13,1,1
BRDA:109,14,0,3
BRDA:109,14,1,32
BRDA:119,15,0,51
BRDA:119,15,1,1
BRDA:121,16,0,1
BRDA:121,16,1,50
BRDA:128,17,0,23
BRDA:128,17,1,27
BRDA:129,18,0,39
BRDA:129,18,1,11
BRDA:130,19,0,3
BRDA:130,19,1,47
BRDA:133,20,0,3
BRDA:133,20,1,44
BRF:44
BRH:40
end_of_record
TN:
SF:src/utils/windowHelper.js
FN:1,(anonymous_0)
FN:8,(anonymous_1)
FNF:2
FNH:2
FNDA:2,(anonymous_0)
FNDA:1,(anonymous_1)
DA:1,6
DA:2,2
DA:3,1
DA:4,1
DA:8,6
DA:9,1
DA:10,1
DA:11,1
DA:12,1
DA:13,1
LF:10
LH:10
BRDA:2,0,0,1
BRDA:2,0,1,1
BRF:2
BRH:2
end_of_record
TN:
SF:src/utils/agGrid/comparitors.js
FN:7,(anonymous_0)
FN:28,(anonymous_1)
FN:31,(anonymous_2)
FN:32,(anonymous_3)
FN:45,(anonymous_4)
FNF:5
FNH:5
FNDA:11,(anonymous_0)
FNDA:13,(anonymous_1)
FNDA:22,(anonymous_2)
FNDA:22,(anonymous_3)
FNDA:18,(anonymous_4)
DA:7,13
DA:8,11
DA:9,6
DA:11,6
DA:12,6
DA:14,6
DA:15,6
DA:17,6
DA:19,4
DA:28,13
DA:29,13
DA:31,22
DA:32,22
DA:34,11
DA:36,8
DA:45,13
DA:46,18
DA:47,15
DA:49,10
LF:19
LH:19
BRDA:7,0,0,4
BRDA:7,1,0,5
BRDA:8,2,0,5
BRDA:8,2,1,6
BRDA:9,3,0,0
BRDA:9,3,1,6
BRDA:17,4,0,2
BRDA:17,4,1,4
BRDA:19,5,0,2
BRDA:19,5,1,2
BRDA:28,6,0,2
BRDA:29,7,0,2
BRDA:29,7,1,11
BRDA:34,8,0,3
BRDA:34,8,1,8
BRDA:36,9,0,4
BRDA:36,9,1,4
BRDA:45,10,0,3
BRDA:46,11,0,3
BRDA:46,11,1,15
BRDA:47,12,0,5
BRDA:47,12,1,10
BRDA:49,13,0,5
BRDA:49,13,1,5
BRF:24
BRH:23
end_of_record
TN:
SF:src/utils/agGrid/exportUtils.js
FN:4,(anonymous_0)
FN:14,(anonymous_1)
FN:24,(anonymous_2)
FN:24,(anonymous_3)
FN:31,(anonymous_4)
FN:38,(anonymous_5)
FN:42,(anonymous_6)
FNF:7
FNH:0
FNDA:0,(anonymous_0)
FNDA:0,(anonymous_1)
FNDA:0,(anonymous_2)
FNDA:0,(anonymous_3)
FNDA:0,(anonymous_4)
FNDA:0,(anonymous_5)
FNDA:0,(anonymous_6)
DA:1,13
DA:2,13
DA:4,13
DA:5,0
DA:6,0
DA:7,0
DA:8,0
DA:9,0
DA:11,0
DA:14,13
DA:15,0
DA:16,0
DA:17,0
DA:18,0
DA:19,0
DA:21,0
DA:24,0
DA:25,0
DA:26,0
DA:27,0
DA:28,0
DA:31,13
DA:32,0
DA:38,0
DA:42,0
DA:47,0
LF:26
LH:5
BRDA:6,0,0,0
BRDA:6,0,1,0
BRDA:18,1,0,0
BRDA:18,1,1,0
BRF:4
BRH:0
end_of_record
TN:
SF:src/utils/agGrid/formatters.js
FN:7,(anonymous_0)
FN:15,(anonymous_1)
FN:29,(anonymous_2)
FN:43,(anonymous_3)
FN:56,(anonymous_4)
FN:63,(anonymous_5)
FN:64,(anonymous_6)
FN:65,(anonymous_7)
FN:72,(anonymous_8)
FN:75,(anonymous_9)
FN:82,(anonymous_10)
FN:84,(anonymous_11)
FN:101,(anonymous_12)
FNF:13
FNH:12
FNDA:33,(anonymous_0)
FNDA:35,(anonymous_1)
FNDA:12,(anonymous_2)
FNDA:39,(anonymous_3)
FNDA:30,(anonymous_4)
FNDA:4,(anonymous_5)
FNDA:4,(anonymous_6)
FNDA:4,(anonymous_7)
FNDA:0,(anonymous_8)
FNDA:53,(anonymous_9)
FNDA:25,(anonymous_10)
FNDA:10,(anonymous_11)
FNDA:17,(anonymous_12)
DA:7,33
DA:15,13
DA:16,35
DA:17,2
DA:20,33
DA:29,13
DA:30,12
DA:31,3
DA:34,9
DA:43,13
DA:44,39
DA:45,5
DA:48,34
DA:56,30
DA:63,13
DA:64,13
DA:65,13
DA:72,13
DA:75,53
DA:82,25
DA:84,13
DA:85,10
DA:86,3
DA:89,7
DA:90,7
DA:91,7
DA:92,2
DA:93,5
DA:94,1
DA:96,4
DA:98,7
DA:101,13
DA:102,17
DA:103,3
DA:105,14
DA:106,14
DA:107,14
DA:108,8
DA:109,8
DA:110,2
DA:112,8
DA:114,14
LF:42
LH:42
BRDA:15,0,0,1
BRDA:15,1,0,2
BRDA:16,2,0,2
BRDA:16,2,1,33
BRDA:16,3,0,35
BRDA:16,3,1,33
BRDA:29,4,0,0
BRDA:29,5,0,0
BRDA:30,6,0,3
BRDA:30,6,1,9
BRDA:30,7,0,12
BRDA:30,7,1,9
BRDA:43,8,0,1
BRDA:43,9,0,7
BRDA:44,10,0,5
BRDA:44,10,1,34
BRDA:44,11,0,39
BRDA:44,11,1,36
BRDA:44,11,2,34
BRDA:56,12,0,1
BRDA:56,13,0,1
BRDA:56,14,0,4
BRDA:63,15,0,1
BRDA:63,16,0,1
BRDA:63,17,0,4
BRDA:64,18,0,1
BRDA:64,19,0,1
BRDA:64,20,0,4
BRDA:65,21,0,1
BRDA:65,22,0,1
BRDA:65,23,0,4
BRDA:72,24,0,0
BRDA:82,25,0,1
BRDA:84,26,0,1
BRDA:85,27,0,3
BRDA:85,27,1,7
BRDA:85,28,0,10
BRDA:85,28,1,7
BRDA:91,29,0,2
BRDA:91,29,1,5
BRDA:93,30,0,1
BRDA:93,30,1,4
BRDA:101,31,0,1
BRDA:102,32,0,3
BRDA:102,32,1,14
BRDA:102,33,0,17
BRDA:102,33,1,14
BRDA:107,34,0,8
BRDA:107,34,1,6
BRDA:109,35,0,2
BRDA:109,35,1,6
BRF:51
BRH:48
end_of_record
TN:
SF:src/utils/agGrid/index.js
FNF:0
FNH:0
LF:0
LH:0
BRF:0
BRH:0
end_of_record
TN:
SF:src/utils/agGrid/js-renderers.js
FN:9,(anonymous_0)
FN:31,(anonymous_1)
FN:32,(anonymous_2)
FN:47,(anonymous_3)
FN:65,(anonymous_4)
FN:86,(anonymous_5)
FN:103,(anonymous_6)
FN:114,(anonymous_7)
FN:139,(anonymous_8)
FN:156,(anonymous_9)
FN:195,(anonymous_10)
FNF:11
FNH:9
FNDA:34,(anonymous_0)
FNDA:17,(anonymous_1)
FNDA:132,(anonymous_2)
FNDA:2,(anonymous_3)
FNDA:0,(anonymous_4)
FNDA:15,(anonymous_5)
FNDA:5,(anonymous_6)
FNDA:5,(anonymous_7)
FNDA:7,(anonymous_8)
FNDA:22,(anonymous_9)
FNDA:0,(anonymous_10)
DA:9,13
DA:13,34
DA:15,34
DA:17,34
DA:18,28
DA:20,28
DA:23,6
DA:31,13
DA:32,132
DA:33,17
DA:35,17
DA:36,17
DA:37,17
DA:39,17
DA:47,13
DA:53,2
DA:55,2
DA:56,2
DA:60,2
DA:66,0
DA:67,0
DA:71,0
DA:76,2
DA:86,13
DA:89,15
DA:90,15
DA:91,15
DA:92,0
DA:94,15
DA:103,13
DA:112,5
DA:114,5
DA:116,5
DA:117,2
DA:125,3
DA:139,13
DA:140,7
DA:141,7
DA:142,6
DA:144,1
DA:156,13
DA:168,22
DA:171,22
DA:173,10
DA:179,12
DA:189,12
DA:192,12
DA:196,0
DA:197,0
DA:201,12
DA:203,12
LF:51
LH:45
BRDA:11,0,0,2
BRDA:15,1,0,16
BRDA:15,1,1,18
BRDA:17,2,0,28
BRDA:17,2,1,6
BRDA:17,3,0,34
BRDA:17,3,1,30
BRDA:18,4,0,28
BRDA:18,4,1,0
BRDA:32,5,0,3
BRDA:32,6,0,17
BRDA:32,6,1,3
BRDA:33,7,0,14
BRDA:33,7,1,3
BRDA:47,8,0,0
BRDA:50,9,0,1
BRDA:56,10,0,1
BRDA:56,10,1,1
BRDA:56,11,0,2
BRDA:56,11,1,1
BRDA:87,12,0,2
BRDA:90,13,0,15
BRDA:90,13,1,5
BRDA:91,14,0,0
BRDA:91,14,1,15
BRDA:91,15,0,15
BRDA:91,15,1,0
BRDA:103,16,0,0
BRDA:105,17,0,2
BRDA:116,18,0,2
BRDA:116,18,1,3
BRDA:141,19,0,6
BRDA:141,19,1,1
BRDA:141,20,0,7
BRDA:141,20,1,0
BRDA:141,20,2,7
BRDA:141,20,3,7
BRDA:156,21,0,0
BRDA:159,22,0,6
BRDA:171,23,0,10
BRDA:171,23,1,12
BRDA:171,24,0,22
BRDA:171,24,1,16
BRDA:171,24,2,13
BRDA:171,24,3,13
BRDA:171,24,4,7
BRDA:184,25,0,3
BRDA:184,25,1,9
BRF:48
BRH:41
end_of_record
TN:
SF:src/utils/dealSubmit/dealSubmitHelpers.js
FN:5,(anonymous_0)
FN:12,(anonymous_1)
FN:23,(anonymous_2)
FN:50,(anonymous_3)
FN:82,(anonymous_4)
FN:83,(anonymous_5)
FN:85,(anonymous_6)
FN:102,(anonymous_7)
FN:119,(anonymous_8)
FN:127,(anonymous_9)
FN:171,(anonymous_10)
FNF:11
FNH:11
FNDA:16,(anonymous_0)
FNDA:16,(anonymous_1)
FNDA:12,(anonymous_2)
FNDA:12,(anonymous_3)
FNDA:72,(anonymous_4)
FNDA:28,(anonymous_5)
FNDA:12,(anonymous_6)
FNDA:12,(anonymous_7)
FNDA:18,(anonymous_8)
FNDA:16,(anonymous_9)
FNDA:18,(anonymous_10)
DA:5,7
DA:6,16
DA:7,16
DA:9,16
DA:12,7
DA:13,16
DA:14,16
DA:16,16
DA:17,0
DA:20,16
DA:23,7
DA:24,12
DA:25,12
DA:27,12
DA:28,6
DA:29,6
DA:31,6
DA:32,0
DA:33,0
DA:36,0
DA:44,12
DA:50,7
DA:51,12
DA:57,12
DA:59,12
DA:82,72
DA:83,28
DA:85,7
DA:86,12
DA:95,12
DA:96,6
DA:99,12
DA:102,7
DA:103,12
DA:112,12
DA:113,6
DA:116,12
DA:119,18
DA:127,7
DA:133,16
DA:135,4
DA:136,0
DA:137,0
DA:138,0
DA:139,0
DA:141,4
DA:142,4
DA:143,4
DA:144,4
DA:146,4
DA:151,12
DA:152,12
DA:154,12
DA:155,12
DA:156,12
DA:158,12
DA:161,0
DA:164,16
DA:171,18
LF:59
LH:50
BRDA:9,0,0,0
BRDA:9,0,1,16
BRDA:16,1,0,0
BRDA:16,1,1,16
BRDA:16,2,0,16
BRDA:16,2,1,16
BRDA:20,3,0,0
BRDA:20,3,1,16
BRDA:27,4,0,6
BRDA:27,4,1,6
BRDA:31,5,0,0
BRDA:31,5,1,6
BRDA:31,6,0,6
BRDA:31,6,1,0
BRDA:53,7,0,0
BRDA:54,8,0,0
BRDA:55,9,0,0
BRDA:56,10,0,0
BRDA:57,11,0,12
BRDA:57,11,1,0
BRDA:66,12,0,12
BRDA:66,12,1,6
BRDA:82,13,0,72
BRDA:82,13,1,72
BRDA:83,14,0,8
BRDA:83,14,1,20
BRDA:89,15,0,0
BRDA:89,15,1,12
BRDA:90,16,0,0
BRDA:90,16,1,12
BRDA:91,17,0,0
BRDA:91,17,1,12
BRDA:95,18,0,6
BRDA:95,18,1,6
BRDA:96,19,0,0
BRDA:96,19,1,6
BRDA:106,20,0,0
BRDA:106,20,1,12
BRDA:107,21,0,0
BRDA:107,21,1,12
BRDA:108,22,0,0
BRDA:108,22,1,12
BRDA:112,23,0,6
BRDA:112,23,1,6
BRDA:113,24,0,0
BRDA:113,24,1,6
BRDA:120,25,0,12
BRDA:120,25,1,6
BRDA:121,26,0,12
BRDA:121,26,1,6
BRDA:122,27,0,12
BRDA:122,27,1,6
BRDA:123,28,0,12
BRDA:123,28,1,6
BRDA:124,29,0,12
BRDA:124,29,1,6
BRDA:127,30,0,10
BRDA:133,31,0,4
BRDA:133,31,1,4
BRDA:133,31,2,8
BRDA:133,31,3,8
BRDA:133,31,4,12
BRDA:133,31,5,0
BRDA:135,32,0,0
BRDA:135,32,1,4
BRDA:137,33,0,0
BRDA:137,33,1,0
BRDA:138,34,0,0
BRDA:138,34,1,0
BRDA:141,35,0,2
BRDA:141,35,1,2
BRDA:151,36,0,8
BRDA:151,36,1,4
BRDA:152,37,0,8
BRDA:152,37,1,4
BRF:75
BRH:51
end_of_record
TN:
SF:src/utils/dealSubmit/index.js
FNF:0
FNH:0
LF:0
LH:0
BRF:0
BRH:0
end_of_record
TN:
SF:src/utils/dealSubmit/mapFormToFwdChain.js
FN:15,(anonymous_0)
FN:46,(anonymous_1)
FNF:2
FNH:2
FNDA:10,(anonymous_0)
FNDA:6,(anonymous_1)
DA:15,7
DA:16,10
DA:18,10
DA:21,8
DA:22,8
DA:23,8
DA:26,2
DA:27,2
DA:30,0
DA:33,10
DA:46,7
DA:47,6
DA:48,6
DA:49,6
DA:50,6
DA:52,6
DA:55,6
DA:56,2
DA:59,6
DA:65,6
DA:67,6
DA:70,4
DA:86,4
DA:88,4
DA:91,2
DA:101,2
DA:103,2
DA:106,0
DA:109,6
LF:29
LH:27
BRDA:15,0,0,6
BRDA:18,1,0,4
BRDA:18,1,1,8
BRDA:18,1,2,2
BRDA:18,1,3,0
BRDA:22,2,0,4
BRDA:22,2,1,4
BRDA:35,3,0,6
BRDA:35,3,1,4
BRDA:36,4,0,10
BRDA:36,4,1,0
BRDA:49,5,0,0
BRDA:49,6,0,0
BRDA:50,7,0,0
BRDA:50,8,0,6
BRDA:50,8,1,0
BRDA:55,9,0,2
BRDA:55,9,1,4
BRDA:60,10,0,6
BRDA:60,10,1,6
BRDA:67,11,0,2
BRDA:67,11,1,4
BRDA:67,11,2,2
BRDA:67,11,3,0
BRF:24
BRH:17
end_of_record
TN:
SF:src/utils/dealSubmit/mapFormToNdfChain.js
FN:15,(anonymous_0)
FN:42,(anonymous_1)
FN:81,(anonymous_2)
FNF:3
FNH:3
FNDA:6,(anonymous_0)
FNDA:4,(anonymous_1)
FNDA:4,(anonymous_2)
DA:15,7
DA:16,6
DA:17,6
DA:19,6
DA:20,2
DA:22,4
DA:23,4
DA:27,6
DA:42,7
DA:43,4
DA:46,4
DA:49,4
DA:50,4
DA:52,4
DA:53,2
DA:62,2
DA:72,4
DA:81,7
DA:82,4
DA:83,4
DA:84,4
DA:85,4
DA:86,4
DA:87,4
DA:88,4
DA:90,4
DA:92,2
DA:102,2
DA:104,2
DA:107,2
DA:108,2
DA:110,2
DA:120,2
DA:121,2
DA:123,2
DA:135,2
DA:137,2
DA:140,0
DA:143,4
LF:39
LH:38
BRDA:15,0,0,4
BRDA:19,1,0,2
BRDA:19,1,1,4
BRDA:22,2,0,4
BRDA:22,2,1,0
BRDA:23,3,0,2
BRDA:23,3,1,2
BRDA:28,4,0,4
BRDA:28,4,1,2
BRDA:30,5,0,4
BRDA:30,5,1,2
BRDA:43,6,0,4
BRDA:43,6,1,2
BRDA:46,7,0,4
BRDA:46,7,1,2
BRDA:52,8,0,2
BRDA:52,8,1,2
BRDA:52,9,0,4
BRDA:52,9,1,2
BRDA:52,9,2,2
BRDA:52,9,3,2
BRDA:56,10,0,0
BRDA:56,10,1,2
BRDA:57,11,0,0
BRDA:57,11,1,2
BRDA:58,12,0,0
BRDA:58,12,1,2
BRDA:65,13,0,0
BRDA:65,13,1,2
BRDA:66,14,0,0
BRDA:66,14,1,2
BRDA:67,15,0,0
BRDA:67,15,1,2
BRDA:84,16,0,0
BRDA:84,17,0,0
BRDA:90,18,0,2
BRDA:90,18,1,2
BRDA:90,18,2,0
BRDA:107,19,0,2
BRDA:107,19,1,0
BRDA:108,20,0,2
BRDA:108,20,1,0
BRDA:120,21,0,2
BRDA:120,21,1,0
BRDA:121,22,0,2
BRDA:121,22,1,0
BRF:46
BRH:32
end_of_record
TN:
SF:src/utils/dealSubmit/mapFormToSptChain.js
FN:12,(anonymous_0)
FN:24,(anonymous_1)
FNF:2
FNH:2
FNDA:2,(anonymous_0)
FNDA:2,(anonymous_1)
DA:12,7
DA:24,7
DA:25,2
DA:26,2
DA:27,2
DA:29,2
DA:31,2
DA:42,2
DA:44,2
LF:9
LH:9
BRDA:27,0,0,0
BRDA:27,1,0,0
BRF:2
BRH:0
end_of_record
TN:
SF:src/utils/transformers/index.js
FNF:0
FNH:0
LF:0
LH:0
BRF:0
BRH:0
end_of_record
TN:
SF:src/utils/transformers/transformBlotterChains.js
FN:14,(anonymous_0)
FN:29,(anonymous_1)
FN:37,(anonymous_2)
FN:125,(anonymous_3)
FN:155,(anonymous_4)
FN:286,(anonymous_5)
FN:298,(anonymous_6)
FN:311,(anonymous_7)
FN:328,(anonymous_8)
FN:336,(anonymous_9)
FNF:10
FNH:8
FNDA:30,(anonymous_0)
FNDA:66,(anonymous_1)
FNDA:15,(anonymous_2)
FNDA:15,(anonymous_3)
FNDA:0,(anonymous_4)
FNDA:19,(anonymous_5)
FNDA:15,(anonymous_6)
FNDA:11,(anonymous_7)
FNDA:6,(anonymous_8)
FNDA:0,(anonymous_9)
DA:14,6
DA:19,30
DA:21,30
DA:22,4
DA:25,26
DA:26,4
DA:29,66
DA:37,6
DA:80,15
DA:82,15
DA:125,6
DA:152,15
DA:155,15
DA:157,15
DA:191,15
DA:194,15
DA:195,15
DA:196,15
DA:197,15
DA:198,15
DA:199,15
DA:200,0
DA:201,0
DA:202,0
DA:207,0
DA:209,0
DA:210,0
DA:211,0
DA:214,15
DA:215,15
DA:217,15
DA:286,6
DA:292,19
DA:294,19
DA:295,9
DA:298,15
DA:311,6
DA:312,11
DA:313,2
DA:316,9
DA:318,9
DA:319,19
DA:321,19
DA:322,15
DA:327,9
DA:328,6
DA:330,9
DA:331,9
DA:332,9
DA:333,9
DA:335,9
DA:336,0
DA:341,0
DA:343,0
DA:344,0
DA:345,0
DA:347,0
DA:348,0
DA:349,0
DA:351,0
DA:352,0
DA:355,0
DA:356,0
DA:359,0
DA:360,0
DA:363,0
DA:366,9
LF:67
LH:45
BRDA:21,0,0,4
BRDA:21,0,1,26
BRDA:25,1,0,4
BRDA:25,1,1,22
BRDA:29,2,0,22
BRDA:29,2,1,0
BRDA:46,3,0,10
BRDA:47,4,0,10
BRDA:48,5,0,10
BRDA:49,6,0,10
BRDA:50,7,0,10
BRDA:63,8,0,10
BRDA:64,9,0,10
BRDA:65,10,0,10
BRDA:66,11,0,10
BRDA:67,12,0,10
BRDA:199,13,0,0
BRDA:199,13,1,15
BRDA:214,14,0,9
BRDA:214,15,0,15
BRDA:214,15,1,9
BRDA:215,16,0,9
BRDA:215,17,0,15
BRDA:215,17,1,9
BRDA:286,18,0,9
BRDA:290,19,0,9
BRDA:294,20,0,9
BRDA:294,20,1,10
BRDA:311,21,0,1
BRDA:311,22,0,10
BRDA:312,23,0,2
BRDA:312,23,1,9
BRDA:327,24,0,5
BRDA:327,24,1,4
BRDA:331,25,0,0
BRDA:331,25,1,9
BRDA:332,26,0,0
BRDA:332,26,1,9
BRDA:333,27,0,0
BRDA:333,27,1,9
BRDA:335,28,0,0
BRDA:335,28,1,9
BRDA:335,29,0,9
BRDA:335,29,1,9
BRDA:335,29,2,9
BRDA:351,30,0,0
BRDA:351,30,1,0
BRDA:355,31,0,0
BRDA:355,31,1,0
BRDA:359,32,0,0
BRDA:359,32,1,0
BRDA:363,33,0,0
BRDA:363,33,1,0
BRDA:363,33,2,0
BRF:54
BRH:39
end_of_record
TN:
SF:src/utils/transformers/transformDates.js
FN:3,(anonymous_0)
FN:12,(anonymous_1)
FN:22,(anonymous_2)
FN:49,(anonymous_3)
FN:80,(anonymous_4)
FN:88,(anonymous_5)
FN:95,(anonymous_6)
FN:112,(anonymous_7)
FN:128,(anonymous_8)
FN:138,(anonymous_9)
FNF:10
FNH:10
FNDA:1,(anonymous_0)
FNDA:1,(anonymous_1)
FNDA:1,(anonymous_2)
FNDA:1,(anonymous_3)
FNDA:1,(anonymous_4)
FNDA:1,(anonymous_5)
FNDA:1,(anonymous_6)
FNDA:1,(anonymous_7)
FNDA:1,(anonymous_8)
FNDA:1,(anonymous_9)
DA:3,6
DA:12,6
DA:22,6
DA:49,6
DA:80,6
DA:88,6
DA:95,6
DA:112,6
DA:128,6
DA:130,1
DA:138,6
DA:140,1
LF:12
LH:12
BRF:0
BRH:0
end_of_record
TN:
SF:src/utils/transformers/transformPreferences.js
FN:9,(anonymous_0)
FN:21,(anonymous_1)
FN:34,(anonymous_2)
FN:41,(anonymous_3)
FN:42,(anonymous_4)
FN:57,(anonymous_5)
FN:60,(anonymous_6)
FNF:7
FNH:7
FNDA:110,(anonymous_0)
FNDA:61,(anonymous_1)
FNDA:1106,(anonymous_2)
FNDA:253,(anonymous_3)
FNDA:265,(anonymous_4)
FNDA:456,(anonymous_5)
FNDA:767,(anonymous_6)
DA:9,6
DA:13,110
DA:14,14
DA:17,96
DA:20,96
DA:21,61
DA:23,58
DA:24,58
DA:27,96
DA:28,0
DA:31,96
DA:34,1106
DA:40,96
DA:41,253
DA:43,265
DA:45,265
DA:54,96
DA:56,96
DA:57,456
DA:60,96
DA:63,767
DA:65,767
DA:67,96
LF:23
LH:22
BRDA:10,0,0,2
BRDA:10,1,0,10
BRDA:10,2,0,6
BRDA:10,3,0,8
BRDA:13,4,0,14
BRDA:13,4,1,96
BRDA:20,5,0,38
BRDA:20,5,1,58
BRDA:20,6,0,96
BRDA:20,6,1,49
BRDA:21,7,0,38
BRDA:21,7,1,0
BRDA:21,8,0,61
BRDA:21,8,1,38
BRDA:27,9,0,0
BRDA:27,9,1,96
BRDA:31,10,0,0
BRDA:31,11,0,0
BRDA:56,12,0,35
BRDA:56,12,1,61
BRDA:56,13,0,96
BRDA:56,13,1,85
BRDA:68,14,0,96
BRDA:68,14,1,61
BRDA:71,15,0,96
BRDA:71,15,1,0
BRF:26
BRH:21
end_of_record
